Begin: 1/60:gdas1.dec20.w5
POST: https://ready.arl.noaa.gov/hypub-bin/trajtype.pl?runtype=archive
POST:https://ready.arl.noaa.gov/hypub-bin/trajasrc.pl 
POST: https://ready.arl.noaa.gov/hypub-bin/trajsrcm.pl
POST: https://ready.arl.noaa.gov/hypub-bin/traj1.pl
<OPTION>00<OPTION>1<OPTION>2<OPTION>3<OPTION>4<OPTION>5<OPTION>6<OPTION>7<OPTION>8<OPTION>9<OPTION>10<OPTION>11<OPTION>12<OPTION>13<OPTION>14<OPTION>15<OPTION>16<OPTION>17<OPTION>18<OPTION>19<OPTION>20<OPTION>21<OPTION>22<OPTION>23<
<OPTION>29<OPTION>30<OPTION>31<
<OPTION>12<
<OPTION>20<
Post: https://ready.arl.noaa.gov/hypub-bin/traj2.pl
TRY SAVE:https://ready.arl.noaa.gov/hypubout/tdump.18591.txt
-done-
TRY SAVE:https://ready.arl.noaa.gov/hypubout/MESSAGE.18591.txt
-done-
Post: https://ready.arl.noaa.gov/hypub-bin/traj2.pl
TRY SAVE:https://ready.arl.noaa.gov/hypubout/tdump.18648.txt
-done-
TRY SAVE:https://ready.arl.noaa.gov/hypubout/MESSAGE.18648.txt
-done-
Post: https://ready.arl.noaa.gov/hypub-bin/traj2.pl
TRY SAVE:https://ready.arl.noaa.gov/hypubout/tdump.18692.txt
-done-
Begin: 2/60:gdas1.dec20.w4
POST: https://ready.arl.noaa.gov/hypub-bin/trajtype.pl?runtype=archive
POST:https://ready.arl.noaa.gov/hypub-bin/trajasrc.pl 
POST: https://ready.arl.noaa.gov/hypub-bin/trajsrcm.pl
POST: https://ready.arl.noaa.gov/hypub-bin/traj1.pl
<OPTION>00<OPTION>1<OPTION>2<OPTION>3<OPTION>4<OPTION>5<OPTION>6<OPTION>7<OPTION>8<OPTION>9<OPTION>10<OPTION>11<OPTION>12<OPTION>13<OPTION>14<OPTION>15<OPTION>16<OPTION>17<OPTION>18<OPTION>19<OPTION>20<OPTION>21<OPTION>22<OPTION>23<
<OPTION>22<OPTION>23<OPTION>24<OPTION>25<OPTION>26<OPTION>27<OPTION>28<
<OPTION>12<
<OPTION>20<
Post: https://ready.arl.noaa.gov/hypub-bin/traj2.pl
TRY SAVE:https://ready.arl.noaa.gov/hypubout/tdump.18766.txt
-done-
Post: https://ready.arl.noaa.gov/hypub-bin/traj2.pl
TRY SAVE:https://ready.arl.noaa.gov/hypubout/tdump.18794.txt
-done-
Post: https://ready.arl.noaa.gov/hypub-bin/traj2.pl
TRY SAVE:https://ready.arl.noaa.gov/hypubout/tdump.18826.txt
-done-
Post: https://ready.arl.noaa.gov/hypub-bin/traj2.pl
TRY SAVE:https://ready.arl.noaa.gov/hypubout/tdump.18863.txt
-done-
Post: https://ready.arl.noaa.gov/hypub-bin/traj2.pl
TRY SAVE:https://ready.arl.noaa.gov/hypubout/tdump.18908.txt
-done-
Post: https://ready.arl.noaa.gov/hypub-bin/traj2.pl
TRY SAVE:https://ready.arl.noaa.gov/hypubout/tdump.18931.txt
-done-
Post: https://ready.arl.noaa.gov/hypub-bin/traj2.pl
TRY SAVE:https://ready.arl.noaa.gov/hypubout/tdump.18991.txt
-done-
Begin: 3/60:gdas1.dec20.w3
POST: https://ready.arl.noaa.gov/hypub-bin/trajtype.pl?runtype=archive
POST:https://ready.arl.noaa.gov/hypub-bin/trajasrc.pl 
POST: https://ready.arl.noaa.gov/hypub-bin/trajsrcm.pl
POST: https://ready.arl.noaa.gov/hypub-bin/traj1.pl
<OPTION>00<OPTION>1<OPTION>2<OPTION>3<OPTION>4<OPTION>5<OPTION>6<OPTION>7<OPTION>8<OPTION>9<OPTION>10<OPTION>11<OPTION>12<OPTION>13<OPTION>14<OPTION>15<OPTION>16<OPTION>17<OPTION>18<OPTION>19<OPTION>20<OPTION>21<OPTION>22<OPTION>23<
<OPTION>15<OPTION>16<OPTION>17<OPTION>18<OPTION>19<OPTION>20<OPTION>21<
<OPTION>12<
<OPTION>20<
Post: https://ready.arl.noaa.gov/hypub-bin/traj2.pl
TRY SAVE:https://ready.arl.noaa.gov/hypubout/tdump.19054.txt
-done-
Post: https://ready.arl.noaa.gov/hypub-bin/traj2.pl
TRY SAVE:https://ready.arl.noaa.gov/hypubout/tdump.19085.txt
-done-
Post: https://ready.arl.noaa.gov/hypub-bin/traj2.pl
TRY SAVE:https://ready.arl.noaa.gov/hypubout/tdump.19120.txt
-done-
Post: https://ready.arl.noaa.gov/hypub-bin/traj2.pl
TRY SAVE:https://ready.arl.noaa.gov/hypubout/tdump.19161.txt
-done-
Post: https://ready.arl.noaa.gov/hypub-bin/traj2.pl
TRY SAVE:https://ready.arl.noaa.gov/hypubout/tdump.19199.txt
-done-
Post: https://ready.arl.noaa.gov/hypub-bin/traj2.pl
TRY SAVE:https://ready.arl.noaa.gov/hypubout/tdump.19243.txt
-done-
Post: https://ready.arl.noaa.gov/hypub-bin/traj2.pl
TRY SAVE:https://ready.arl.noaa.gov/hypubout/tdump.19281.txt
-done-
Begin: 4/60:gdas1.dec20.w2
POST: https://ready.arl.noaa.gov/hypub-bin/trajtype.pl?runtype=archive
POST:https://ready.arl.noaa.gov/hypub-bin/trajasrc.pl 
POST: https://ready.arl.noaa.gov/hypub-bin/trajsrcm.pl
POST: https://ready.arl.noaa.gov/hypub-bin/traj1.pl
<OPTION>00<OPTION>1<OPTION>2<OPTION>3<OPTION>4<OPTION>5<OPTION>6<OPTION>7<OPTION>8<OPTION>9<OPTION>10<OPTION>11<OPTION>12<OPTION>13<OPTION>14<OPTION>15<OPTION>16<OPTION>17<OPTION>18<OPTION>19<OPTION>20<OPTION>21<OPTION>22<OPTION>23<
<OPTION>08<OPTION>09<OPTION>10<OPTION>11<OPTION>12<OPTION>13<OPTION>14<
<OPTION>12<
<OPTION>20<
Post: https://ready.arl.noaa.gov/hypub-bin/traj2.pl
TRY SAVE:https://ready.arl.noaa.gov/hypubout/tdump.19334.txt
-done-
Post: https://ready.arl.noaa.gov/hypub-bin/traj2.pl
TRY SAVE:https://ready.arl.noaa.gov/hypubout/tdump.19377.txt
-done-
Post: https://ready.arl.noaa.gov/hypub-bin/traj2.pl
TRY SAVE:https://ready.arl.noaa.gov/hypubout/tdump.19401.txt
-done-
Post: https://ready.arl.noaa.gov/hypub-bin/traj2.pl
TRY SAVE:https://ready.arl.noaa.gov/hypubout/tdump.19446.txt
-done-
Post: https://ready.arl.noaa.gov/hypub-bin/traj2.pl
TRY SAVE:https://ready.arl.noaa.gov/hypubout/tdump.19495.txt
-done-
Post: https://ready.arl.noaa.gov/hypub-bin/traj2.pl
TRY SAVE:https://ready.arl.noaa.gov/hypubout/tdump.19538.txt
-done-
Post: https://ready.arl.noaa.gov/hypub-bin/traj2.pl
TRY SAVE:https://ready.arl.noaa.gov/hypubout/tdump.19575.txt
-done-
!!!!!!!!!!!!! tdump.19575.txt
TRY SAVE:https://ready.arl.noaa.gov/hypubout/tdump.19575.txt
-done-
Begin: 5/60:gdas1.dec20.w1
POST: https://ready.arl.noaa.gov/hypub-bin/trajtype.pl?runtype=archive
POST:https://ready.arl.noaa.gov/hypub-bin/trajasrc.pl 
POST: https://ready.arl.noaa.gov/hypub-bin/trajsrcm.pl
POST: https://ready.arl.noaa.gov/hypub-bin/traj1.pl
<OPTION>00<OPTION>1<OPTION>2<OPTION>3<OPTION>4<OPTION>5<OPTION>6<OPTION>7<OPTION>8<OPTION>9<OPTION>10<OPTION>11<OPTION>12<OPTION>13<OPTION>14<OPTION>15<OPTION>16<OPTION>17<OPTION>18<OPTION>19<OPTION>20<OPTION>21<OPTION>22<OPTION>23<
<OPTION>01<OPTION>02<OPTION>03<OPTION>04<OPTION>05<OPTION>06<OPTION>07<
<OPTION>12<
<OPTION>20<
Post: https://ready.arl.noaa.gov/hypub-bin/traj2.pl
TRY SAVE:https://ready.arl.noaa.gov/hypubout/tdump.19640.txt
-done-
Post: https://ready.arl.noaa.gov/hypub-bin/traj2.pl
TRY SAVE:https://ready.arl.noaa.gov/hypubout/tdump.19667.txt
-done-
Post: https://ready.arl.noaa.gov/hypub-bin/traj2.pl
TRY SAVE:https://ready.arl.noaa.gov/hypubout/tdump.19702.txt
-done-
Post: https://ready.arl.noaa.gov/hypub-bin/traj2.pl
TRY SAVE:https://ready.arl.noaa.gov/hypubout/tdump.19748.txt
-done-
Post: https://ready.arl.noaa.gov/hypub-bin/traj2.pl
TRY SAVE:https://ready.arl.noaa.gov/hypubout/tdump.19776.txt
-done-
Post: https://ready.arl.noaa.gov/hypub-bin/traj2.pl
TRY SAVE:https://ready.arl.noaa.gov/hypubout/tdump.19793.txt
-done-
Post: https://ready.arl.noaa.gov/hypub-bin/traj2.pl
TRY SAVE:https://ready.arl.noaa.gov/hypubout/tdump.19833.txt
-done-
Begin: 6/60:gdas1.nov20.w5
POST: https://ready.arl.noaa.gov/hypub-bin/trajtype.pl?runtype=archive
POST:https://ready.arl.noaa.gov/hypub-bin/trajasrc.pl 
POST: https://ready.arl.noaa.gov/hypub-bin/trajsrcm.pl
POST: https://ready.arl.noaa.gov/hypub-bin/traj1.pl
<OPTION>00<OPTION>1<OPTION>2<OPTION>3<OPTION>4<OPTION>5<OPTION>6<OPTION>7<OPTION>8<OPTION>9<OPTION>10<OPTION>11<OPTION>12<OPTION>13<OPTION>14<OPTION>15<OPTION>16<OPTION>17<OPTION>18<OPTION>19<OPTION>20<OPTION>21<OPTION>22<OPTION>23<
<OPTION>29<OPTION>30<
<OPTION>11<
<OPTION>20<
Post: https://ready.arl.noaa.gov/hypub-bin/traj2.pl
TRY SAVE:https://ready.arl.noaa.gov/hypubout/tdump.19884.txt
-done-
Post: https://ready.arl.noaa.gov/hypub-bin/traj2.pl
TRY SAVE:https://ready.arl.noaa.gov/hypubout/tdump.19927.txt
-done-
Begin: 7/60:gdas1.nov20.w4
POST: https://ready.arl.noaa.gov/hypub-bin/trajtype.pl?runtype=archive
POST:https://ready.arl.noaa.gov/hypub-bin/trajasrc.pl 
POST: https://ready.arl.noaa.gov/hypub-bin/trajsrcm.pl
POST: https://ready.arl.noaa.gov/hypub-bin/traj1.pl
<OPTION>00<OPTION>1<OPTION>2<OPTION>3<OPTION>4<OPTION>5<OPTION>6<OPTION>7<OPTION>8<OPTION>9<OPTION>10<OPTION>11<OPTION>12<OPTION>13<OPTION>14<OPTION>15<OPTION>16<OPTION>17<OPTION>18<OPTION>19<OPTION>20<OPTION>21<OPTION>22<OPTION>23<
<OPTION>22<OPTION>23<OPTION>24<OPTION>25<OPTION>26<OPTION>27<OPTION>28<
<OPTION>11<
<OPTION>20<
Post: https://ready.arl.noaa.gov/hypub-bin/traj2.pl
TRY SAVE:https://ready.arl.noaa.gov/hypubout/tdump.19952.txt
-done-
Post: https://ready.arl.noaa.gov/hypub-bin/traj2.pl
TRY SAVE:https://ready.arl.noaa.gov/hypubout/tdump.19987.txt
-done-
Post: https://ready.arl.noaa.gov/hypub-bin/traj2.pl
TRY SAVE:https://ready.arl.noaa.gov/hypubout/tdump.110022.txt
-done-
Post: https://ready.arl.noaa.gov/hypub-bin/traj2.pl
TRY SAVE:https://ready.arl.noaa.gov/hypubout/tdump.110048.txt
-done-
Post: https://ready.arl.noaa.gov/hypub-bin/traj2.pl
TRY SAVE:https://ready.arl.noaa.gov/hypubout/tdump.110077.txt
-done-
Post: https://ready.arl.noaa.gov/hypub-bin/traj2.pl
TRY SAVE:https://ready.arl.noaa.gov/hypubout/tdump.110104.txt
-done-
Post: https://ready.arl.noaa.gov/hypub-bin/traj2.pl
TRY SAVE:https://ready.arl.noaa.gov/hypubout/tdump.110148.txt
-done-
Begin: 8/60:gdas1.nov20.w3
POST: https://ready.arl.noaa.gov/hypub-bin/trajtype.pl?runtype=archive
POST:https://ready.arl.noaa.gov/hypub-bin/trajasrc.pl 
POST: https://ready.arl.noaa.gov/hypub-bin/trajsrcm.pl
POST: https://ready.arl.noaa.gov/hypub-bin/traj1.pl
<OPTION>00<OPTION>1<OPTION>2<OPTION>3<OPTION>4<OPTION>5<OPTION>6<OPTION>7<OPTION>8<OPTION>9<OPTION>10<OPTION>11<OPTION>12<OPTION>13<OPTION>14<OPTION>15<OPTION>16<OPTION>17<OPTION>18<OPTION>19<OPTION>20<OPTION>21<OPTION>22<OPTION>23<
<OPTION>15<OPTION>16<OPTION>17<OPTION>18<OPTION>19<OPTION>20<OPTION>21<
<OPTION>11<
<OPTION>20<
Post: https://ready.arl.noaa.gov/hypub-bin/traj2.pl
TRY SAVE:https://ready.arl.noaa.gov/hypubout/tdump.110193.txt
-done-
Post: https://ready.arl.noaa.gov/hypub-bin/traj2.pl
TRY SAVE:https://ready.arl.noaa.gov/hypubout/tdump.110228.txt
-done-
Post: https://ready.arl.noaa.gov/hypub-bin/traj2.pl
TRY SAVE:https://ready.arl.noaa.gov/hypubout/tdump.110264.txt
-done-
!!!!!!!!!!!!! tdump.110264.txt
TRY SAVE:https://ready.arl.noaa.gov/hypubout/tdump.110264.txt
-done-
Post: https://ready.arl.noaa.gov/hypub-bin/traj2.pl
TRY SAVE:https://ready.arl.noaa.gov/hypubout/tdump.110319.txt
-done-
Post: https://ready.arl.noaa.gov/hypub-bin/traj2.pl
TRY SAVE:https://ready.arl.noaa.gov/hypubout/tdump.110332.txt
-done-
Post: https://ready.arl.noaa.gov/hypub-bin/traj2.pl
TRY SAVE:https://ready.arl.noaa.gov/hypubout/tdump.110363.txt
-done-
Post: https://ready.arl.noaa.gov/hypub-bin/traj2.pl
TRY SAVE:https://ready.arl.noaa.gov/hypubout/tdump.110405.txt
-done-
Begin: 9/60:gdas1.nov20.w2
POST: https://ready.arl.noaa.gov/hypub-bin/trajtype.pl?runtype=archive
POST:https://ready.arl.noaa.gov/hypub-bin/trajasrc.pl 
POST: https://ready.arl.noaa.gov/hypub-bin/trajsrcm.pl
POST: https://ready.arl.noaa.gov/hypub-bin/traj1.pl
<OPTION>00<OPTION>1<OPTION>2<OPTION>3<OPTION>4<OPTION>5<OPTION>6<OPTION>7<OPTION>8<OPTION>9<OPTION>10<OPTION>11<OPTION>12<OPTION>13<OPTION>14<OPTION>15<OPTION>16<OPTION>17<OPTION>18<OPTION>19<OPTION>20<OPTION>21<OPTION>22<OPTION>23<
<OPTION>08<OPTION>09<OPTION>10<OPTION>11<OPTION>12<OPTION>13<OPTION>14<
<OPTION>11<
<OPTION>20<
Post: https://ready.arl.noaa.gov/hypub-bin/traj2.pl
TRY SAVE:https://ready.arl.noaa.gov/hypubout/tdump.110461.txt
-done-
!!!!!!!!!!!!! tdump.110461.txt
TRY SAVE:https://ready.arl.noaa.gov/hypubout/tdump.110461.txt
-done-
Post: https://ready.arl.noaa.gov/hypub-bin/traj2.pl
TRY SAVE:https://ready.arl.noaa.gov/hypubout/tdump.110512.txt
-done-
!!!!!!!!!!!!! tdump.110512.txt
TRY SAVE:https://ready.arl.noaa.gov/hypubout/tdump.110512.txt
-done-
Post: https://ready.arl.noaa.gov/hypub-bin/traj2.pl
TRY SAVE:https://ready.arl.noaa.gov/hypubout/tdump.110578.txt
-done-
!!!!!!!!!!!!! tdump.110578.txt
TRY SAVE:https://ready.arl.noaa.gov/hypubout/tdump.110578.txt
-done-
Post: https://ready.arl.noaa.gov/hypub-bin/traj2.pl
TRY SAVE:https://ready.arl.noaa.gov/hypubout/tdump.110621.txt
-done-
!!!!!!!!!!!!! tdump.110621.txt
TRY SAVE:https://ready.arl.noaa.gov/hypubout/tdump.110621.txt
-done-
Post: https://ready.arl.noaa.gov/hypub-bin/traj2.pl
TRY SAVE:https://ready.arl.noaa.gov/hypubout/tdump.110694.txt
-done-
!!!!!!!!!!!!! tdump.110694.txt
TRY SAVE:https://ready.arl.noaa.gov/hypubout/tdump.110694.txt
-done-
Post: https://ready.arl.noaa.gov/hypub-bin/traj2.pl
TRY SAVE:https://ready.arl.noaa.gov/hypubout/tdump.110746.txt
-done-
!!!!!!!!!!!!! tdump.110746.txt
TRY SAVE:https://ready.arl.noaa.gov/hypubout/tdump.110746.txt
-done-
Post: https://ready.arl.noaa.gov/hypub-bin/traj2.pl
TRY SAVE:https://ready.arl.noaa.gov/hypubout/tdump.110792.txt
-done-
!!!!!!!!!!!!! tdump.110792.txt
TRY SAVE:https://ready.arl.noaa.gov/hypubout/tdump.110792.txt
-done-
Begin: 10/60:gdas1.nov20.w1
POST: https://ready.arl.noaa.gov/hypub-bin/trajtype.pl?runtype=archive
POST:https://ready.arl.noaa.gov/hypub-bin/trajasrc.pl 
POST: https://ready.arl.noaa.gov/hypub-bin/trajsrcm.pl
POST: https://ready.arl.noaa.gov/hypub-bin/traj1.pl
<OPTION>00<OPTION>1<OPTION>2<OPTION>3<OPTION>4<OPTION>5<OPTION>6<OPTION>7<OPTION>8<OPTION>9<OPTION>10<OPTION>11<OPTION>12<OPTION>13<OPTION>14<OPTION>15<OPTION>16<OPTION>17<OPTION>18<OPTION>19<OPTION>20<OPTION>21<OPTION>22<OPTION>23<
<OPTION>01<OPTION>02<OPTION>03<OPTION>04<OPTION>05<OPTION>06<OPTION>07<
<OPTION>11<
<OPTION>20<
Post: https://ready.arl.noaa.gov/hypub-bin/traj2.pl
TRY SAVE:https://ready.arl.noaa.gov/hypubout/tdump.110869.txt
-done-
Post: https://ready.arl.noaa.gov/hypub-bin/traj2.pl
TRY SAVE:https://ready.arl.noaa.gov/hypubout/tdump.110899.txt
-done-
Post: https://ready.arl.noaa.gov/hypub-bin/traj2.pl
TRY SAVE:https://ready.arl.noaa.gov/hypubout/tdump.110922.txt
-done-
Post: https://ready.arl.noaa.gov/hypub-bin/traj2.pl
TRY SAVE:https://ready.arl.noaa.gov/hypubout/tdump.110966.txt
-done-
Post: https://ready.arl.noaa.gov/hypub-bin/traj2.pl
TRY SAVE:https://ready.arl.noaa.gov/hypubout/tdump.110992.txt
-done-
Post: https://ready.arl.noaa.gov/hypub-bin/traj2.pl
TRY SAVE:https://ready.arl.noaa.gov/hypubout/tdump.111024.txt
-done-
Post: https://ready.arl.noaa.gov/hypub-bin/traj2.pl
TRY SAVE:https://ready.arl.noaa.gov/hypubout/tdump.111063.txt
-done-
Begin: 11/60:gdas1.oct20.w5
POST: https://ready.arl.noaa.gov/hypub-bin/trajtype.pl?runtype=archive
POST:https://ready.arl.noaa.gov/hypub-bin/trajasrc.pl 
POST: https://ready.arl.noaa.gov/hypub-bin/trajsrcm.pl
POST: https://ready.arl.noaa.gov/hypub-bin/traj1.pl
<OPTION>00<OPTION>1<OPTION>2<OPTION>3<OPTION>4<OPTION>5<OPTION>6<OPTION>7<OPTION>8<OPTION>9<OPTION>10<OPTION>11<OPTION>12<OPTION>13<OPTION>14<OPTION>15<OPTION>16<OPTION>17<OPTION>18<OPTION>19<OPTION>20<OPTION>21<OPTION>22<OPTION>23<
<OPTION>29<OPTION>30<OPTION>31<
<OPTION>10<
<OPTION>20<
Post: https://ready.arl.noaa.gov/hypub-bin/traj2.pl
TRY SAVE:https://ready.arl.noaa.gov/hypubout/tdump.111127.txt
-done-
Post: https://ready.arl.noaa.gov/hypub-bin/traj2.pl
TRY SAVE:https://ready.arl.noaa.gov/hypubout/tdump.111156.txt
-done-
Post: https://ready.arl.noaa.gov/hypub-bin/traj2.pl
TRY SAVE:https://ready.arl.noaa.gov/hypubout/tdump.111163.txt
-done-
Begin: 12/60:gdas1.oct20.w4
POST: https://ready.arl.noaa.gov/hypub-bin/trajtype.pl?runtype=archive
POST:https://ready.arl.noaa.gov/hypub-bin/trajasrc.pl 
POST: https://ready.arl.noaa.gov/hypub-bin/trajsrcm.pl
POST: https://ready.arl.noaa.gov/hypub-bin/traj1.pl
<OPTION>00<OPTION>1<OPTION>2<OPTION>3<OPTION>4<OPTION>5<OPTION>6<OPTION>7<OPTION>8<OPTION>9<OPTION>10<OPTION>11<OPTION>12<OPTION>13<OPTION>14<OPTION>15<OPTION>16<OPTION>17<OPTION>18<OPTION>19<OPTION>20<OPTION>21<OPTION>22<OPTION>23<
<OPTION>22<OPTION>23<OPTION>24<OPTION>25<OPTION>26<OPTION>27<OPTION>28<
<OPTION>10<
<OPTION>20<
Post: https://ready.arl.noaa.gov/hypub-bin/traj2.pl
TRY SAVE:https://ready.arl.noaa.gov/hypubout/tdump.111176.txt
-done-
Post: https://ready.arl.noaa.gov/hypub-bin/traj2.pl
TRY SAVE:https://ready.arl.noaa.gov/hypubout/tdump.111209.txt
-done-
Post: https://ready.arl.noaa.gov/hypub-bin/traj2.pl
TRY SAVE:https://ready.arl.noaa.gov/hypubout/tdump.111215.txt
-done-
Post: https://ready.arl.noaa.gov/hypub-bin/traj2.pl
TRY SAVE:https://ready.arl.noaa.gov/hypubout/tdump.111240.txt
-done-
Post: https://ready.arl.noaa.gov/hypub-bin/traj2.pl
TRY SAVE:https://ready.arl.noaa.gov/hypubout/tdump.111258.txt
-done-
Post: https://ready.arl.noaa.gov/hypub-bin/traj2.pl
TRY SAVE:https://ready.arl.noaa.gov/hypubout/tdump.111274.txt
-done-
Post: https://ready.arl.noaa.gov/hypub-bin/traj2.pl
TRY SAVE:https://ready.arl.noaa.gov/hypubout/tdump.111292.txt
-done-
Begin: 13/60:gdas1.oct20.w3
POST: https://ready.arl.noaa.gov/hypub-bin/trajtype.pl?runtype=archive
POST:https://ready.arl.noaa.gov/hypub-bin/trajasrc.pl 
POST: https://ready.arl.noaa.gov/hypub-bin/trajsrcm.pl
POST: https://ready.arl.noaa.gov/hypub-bin/traj1.pl
<OPTION>00<OPTION>1<OPTION>2<OPTION>3<OPTION>4<OPTION>5<OPTION>6<OPTION>7<OPTION>8<OPTION>9<OPTION>10<OPTION>11<OPTION>12<OPTION>13<OPTION>14<OPTION>15<OPTION>16<OPTION>17<OPTION>18<OPTION>19<OPTION>20<OPTION>21<OPTION>22<OPTION>23<
<OPTION>15<OPTION>16<OPTION>17<OPTION>18<OPTION>19<OPTION>20<OPTION>21<
<OPTION>10<
<OPTION>20<
Post: https://ready.arl.noaa.gov/hypub-bin/traj2.pl
TRY SAVE:https://ready.arl.noaa.gov/hypubout/tdump.111319.txt
-done-
Post: https://ready.arl.noaa.gov/hypub-bin/traj2.pl
TRY SAVE:https://ready.arl.noaa.gov/hypubout/tdump.111322.txt
-done-
Post: https://ready.arl.noaa.gov/hypub-bin/traj2.pl
TRY SAVE:https://ready.arl.noaa.gov/hypubout/tdump.111333.txt
-done-
Post: https://ready.arl.noaa.gov/hypub-bin/traj2.pl
TRY SAVE:https://ready.arl.noaa.gov/hypubout/tdump.111354.txt
-done-
Post: https://ready.arl.noaa.gov/hypub-bin/traj2.pl
TRY SAVE:https://ready.arl.noaa.gov/hypubout/tdump.111363.txt
-done-
Post: https://ready.arl.noaa.gov/hypub-bin/traj2.pl
TRY SAVE:https://ready.arl.noaa.gov/hypubout/tdump.111371.txt
-done-
Post: https://ready.arl.noaa.gov/hypub-bin/traj2.pl
TRY SAVE:https://ready.arl.noaa.gov/hypubout/tdump.111395.txt
-done-
Begin: 14/60:gdas1.oct20.w2
POST: https://ready.arl.noaa.gov/hypub-bin/trajtype.pl?runtype=archive
POST:https://ready.arl.noaa.gov/hypub-bin/trajasrc.pl 
POST: https://ready.arl.noaa.gov/hypub-bin/trajsrcm.pl
POST: https://ready.arl.noaa.gov/hypub-bin/traj1.pl
<OPTION>00<OPTION>1<OPTION>2<OPTION>3<OPTION>4<OPTION>5<OPTION>6<OPTION>7<OPTION>8<OPTION>9<OPTION>10<OPTION>11<OPTION>12<OPTION>13<OPTION>14<OPTION>15<OPTION>16<OPTION>17<OPTION>18<OPTION>19<OPTION>20<OPTION>21<OPTION>22<OPTION>23<
<OPTION>08<OPTION>09<OPTION>10<OPTION>11<OPTION>12<OPTION>13<OPTION>14<
<OPTION>10<
<OPTION>20<
Post: https://ready.arl.noaa.gov/hypub-bin/traj2.pl
TRY SAVE:https://ready.arl.noaa.gov/hypubout/tdump.111400.txt
-done-
Post: https://ready.arl.noaa.gov/hypub-bin/traj2.pl
TRY SAVE:https://ready.arl.noaa.gov/hypubout/tdump.111419.txt
-done-
Post: https://ready.arl.noaa.gov/hypub-bin/traj2.pl
TRY SAVE:https://ready.arl.noaa.gov/hypubout/tdump.111420.txt
-done-
Post: https://ready.arl.noaa.gov/hypub-bin/traj2.pl
TRY SAVE:https://ready.arl.noaa.gov/hypubout/tdump.111435.txt
-done-
Post: https://ready.arl.noaa.gov/hypub-bin/traj2.pl
TRY SAVE:https://ready.arl.noaa.gov/hypubout/tdump.111442.txt
-done-
Post: https://ready.arl.noaa.gov/hypub-bin/traj2.pl
TRY SAVE:https://ready.arl.noaa.gov/hypubout/tdump.111453.txt
-done-
Post: https://ready.arl.noaa.gov/hypub-bin/traj2.pl
TRY SAVE:https://ready.arl.noaa.gov/hypubout/tdump.111474.txt
-done-
Begin: 15/60:gdas1.oct20.w1
POST: https://ready.arl.noaa.gov/hypub-bin/trajtype.pl?runtype=archive
POST:https://ready.arl.noaa.gov/hypub-bin/trajasrc.pl 
POST: https://ready.arl.noaa.gov/hypub-bin/trajsrcm.pl
POST: https://ready.arl.noaa.gov/hypub-bin/traj1.pl
<OPTION>00<OPTION>1<OPTION>2<OPTION>3<OPTION>4<OPTION>5<OPTION>6<OPTION>7<OPTION>8<OPTION>9<OPTION>10<OPTION>11<OPTION>12<OPTION>13<OPTION>14<OPTION>15<OPTION>16<OPTION>17<OPTION>18<OPTION>19<OPTION>20<OPTION>21<OPTION>22<OPTION>23<
<OPTION>01<OPTION>02<OPTION>03<OPTION>04<OPTION>05<OPTION>06<OPTION>07<
<OPTION>10<
<OPTION>20<
Post: https://ready.arl.noaa.gov/hypub-bin/traj2.pl
TRY SAVE:https://ready.arl.noaa.gov/hypubout/tdump.111482.txt
-done-
Post: https://ready.arl.noaa.gov/hypub-bin/traj2.pl
TRY SAVE:https://ready.arl.noaa.gov/hypubout/tdump.111491.txt
-done-
Post: https://ready.arl.noaa.gov/hypub-bin/traj2.pl
TRY SAVE:https://ready.arl.noaa.gov/hypubout/tdump.111507.txt
-done-
Post: https://ready.arl.noaa.gov/hypub-bin/traj2.pl
TRY SAVE:https://ready.arl.noaa.gov/hypubout/tdump.111511.txt
-done-
Post: https://ready.arl.noaa.gov/hypub-bin/traj2.pl
TRY SAVE:https://ready.arl.noaa.gov/hypubout/tdump.111524.txt
-done-
Post: https://ready.arl.noaa.gov/hypub-bin/traj2.pl
TRY SAVE:https://ready.arl.noaa.gov/hypubout/tdump.111538.txt
-done-
Post: https://ready.arl.noaa.gov/hypub-bin/traj2.pl
TRY SAVE:https://ready.arl.noaa.gov/hypubout/tdump.111546.txt
-done-
Begin: 16/60:gdas1.sep20.w5
POST: https://ready.arl.noaa.gov/hypub-bin/trajtype.pl?runtype=archive
POST:https://ready.arl.noaa.gov/hypub-bin/trajasrc.pl 
POST: https://ready.arl.noaa.gov/hypub-bin/trajsrcm.pl
POST: https://ready.arl.noaa.gov/hypub-bin/traj1.pl
<OPTION>00<OPTION>1<OPTION>2<OPTION>3<OPTION>4<OPTION>5<OPTION>6<OPTION>7<OPTION>8<OPTION>9<OPTION>10<OPTION>11<OPTION>12<OPTION>13<OPTION>14<OPTION>15<OPTION>16<OPTION>17<OPTION>18<OPTION>19<OPTION>20<OPTION>21<OPTION>22<OPTION>23<
<OPTION>29<OPTION>30<
<OPTION>09<
<OPTION>20<
Post: https://ready.arl.noaa.gov/hypub-bin/traj2.pl
TRY SAVE:https://ready.arl.noaa.gov/hypubout/tdump.111597.txt
-done-
Post: https://ready.arl.noaa.gov/hypub-bin/traj2.pl
TRY SAVE:https://ready.arl.noaa.gov/hypubout/tdump.111602.txt
-done-
Begin: 17/60:gdas1.sep20.w4
POST: https://ready.arl.noaa.gov/hypub-bin/trajtype.pl?runtype=archive
POST:https://ready.arl.noaa.gov/hypub-bin/trajasrc.pl 
POST: https://ready.arl.noaa.gov/hypub-bin/trajsrcm.pl
POST: https://ready.arl.noaa.gov/hypub-bin/traj1.pl
<OPTION>00<OPTION>1<OPTION>2<OPTION>3<OPTION>4<OPTION>5<OPTION>6<OPTION>7<OPTION>8<OPTION>9<OPTION>10<OPTION>11<OPTION>12<OPTION>13<OPTION>14<OPTION>15<OPTION>16<OPTION>17<OPTION>18<OPTION>19<OPTION>20<OPTION>21<OPTION>22<OPTION>23<
<OPTION>22<OPTION>23<OPTION>24<OPTION>25<OPTION>26<OPTION>27<OPTION>28<
<OPTION>09<
<OPTION>20<
Post: https://ready.arl.noaa.gov/hypub-bin/traj2.pl
TRY SAVE:https://ready.arl.noaa.gov/hypubout/tdump.111613.txt
-done-
Post: https://ready.arl.noaa.gov/hypub-bin/traj2.pl
TRY SAVE:https://ready.arl.noaa.gov/hypubout/tdump.111620.txt
-done-
Post: https://ready.arl.noaa.gov/hypub-bin/traj2.pl
TRY SAVE:https://ready.arl.noaa.gov/hypubout/tdump.111649.txt
-done-
Post: https://ready.arl.noaa.gov/hypub-bin/traj2.pl
TRY SAVE:https://ready.arl.noaa.gov/hypubout/tdump.111658.txt
-done-
Post: https://ready.arl.noaa.gov/hypub-bin/traj2.pl
TRY SAVE:https://ready.arl.noaa.gov/hypubout/tdump.111674.txt
-done-
Post: https://ready.arl.noaa.gov/hypub-bin/traj2.pl
TRY SAVE:https://ready.arl.noaa.gov/hypubout/tdump.111684.txt
-done-
Post: https://ready.arl.noaa.gov/hypub-bin/traj2.pl
TRY SAVE:https://ready.arl.noaa.gov/hypubout/tdump.111695.txt
-done-
Begin: 18/60:gdas1.sep20.w3
POST: https://ready.arl.noaa.gov/hypub-bin/trajtype.pl?runtype=archive
POST:https://ready.arl.noaa.gov/hypub-bin/trajasrc.pl 
POST: https://ready.arl.noaa.gov/hypub-bin/trajsrcm.pl
POST: https://ready.arl.noaa.gov/hypub-bin/traj1.pl
<OPTION>00<OPTION>1<OPTION>2<OPTION>3<OPTION>4<OPTION>5<OPTION>6<OPTION>7<OPTION>8<OPTION>9<OPTION>10<OPTION>11<OPTION>12<OPTION>13<OPTION>14<OPTION>15<OPTION>16<OPTION>17<OPTION>18<OPTION>19<OPTION>20<OPTION>21<OPTION>22<OPTION>23<
<OPTION>15<OPTION>16<OPTION>17<OPTION>18<OPTION>19<OPTION>20<OPTION>21<
<OPTION>09<
<OPTION>20<
Post: https://ready.arl.noaa.gov/hypub-bin/traj2.pl
TRY SAVE:https://ready.arl.noaa.gov/hypubout/tdump.111706.txt
-done-
Post: https://ready.arl.noaa.gov/hypub-bin/traj2.pl
TRY SAVE:https://ready.arl.noaa.gov/hypubout/tdump.111714.txt
-done-
Post: https://ready.arl.noaa.gov/hypub-bin/traj2.pl
TRY SAVE:https://ready.arl.noaa.gov/hypubout/tdump.111728.txt
-done-
Post: https://ready.arl.noaa.gov/hypub-bin/traj2.pl
TRY SAVE:https://ready.arl.noaa.gov/hypubout/tdump.111760.txt
-done-
Post: https://ready.arl.noaa.gov/hypub-bin/traj2.pl
TRY SAVE:https://ready.arl.noaa.gov/hypubout/tdump.111778.txt
-done-
Post: https://ready.arl.noaa.gov/hypub-bin/traj2.pl
TRY SAVE:https://ready.arl.noaa.gov/hypubout/tdump.111785.txt
-done-
Post: https://ready.arl.noaa.gov/hypub-bin/traj2.pl
TRY SAVE:https://ready.arl.noaa.gov/hypubout/tdump.111808.txt
-done-
Begin: 19/60:gdas1.sep20.w2
POST: https://ready.arl.noaa.gov/hypub-bin/trajtype.pl?runtype=archive
POST:https://ready.arl.noaa.gov/hypub-bin/trajasrc.pl 
POST: https://ready.arl.noaa.gov/hypub-bin/trajsrcm.pl
POST: https://ready.arl.noaa.gov/hypub-bin/traj1.pl
<OPTION>00<OPTION>1<OPTION>2<OPTION>3<OPTION>4<OPTION>5<OPTION>6<OPTION>7<OPTION>8<OPTION>9<OPTION>10<OPTION>11<OPTION>12<OPTION>13<OPTION>14<OPTION>15<OPTION>16<OPTION>17<OPTION>18<OPTION>19<OPTION>20<OPTION>21<OPTION>22<OPTION>23<
<OPTION>08<OPTION>09<OPTION>10<OPTION>11<OPTION>12<OPTION>13<OPTION>14<
<OPTION>09<
<OPTION>20<
Post: https://ready.arl.noaa.gov/hypub-bin/traj2.pl
TRY SAVE:https://ready.arl.noaa.gov/hypubout/tdump.111822.txt
-done-
Post: https://ready.arl.noaa.gov/hypub-bin/traj2.pl
TRY SAVE:https://ready.arl.noaa.gov/hypubout/tdump.111849.txt
-done-
Post: https://ready.arl.noaa.gov/hypub-bin/traj2.pl
TRY SAVE:https://ready.arl.noaa.gov/hypubout/tdump.111850.txt
-done-
Post: https://ready.arl.noaa.gov/hypub-bin/traj2.pl
TRY SAVE:https://ready.arl.noaa.gov/hypubout/tdump.111862.txt
-done-
Post: https://ready.arl.noaa.gov/hypub-bin/traj2.pl
TRY SAVE:https://ready.arl.noaa.gov/hypubout/tdump.111882.txt
-done-
Post: https://ready.arl.noaa.gov/hypub-bin/traj2.pl
TRY SAVE:https://ready.arl.noaa.gov/hypubout/tdump.111903.txt
-done-
Post: https://ready.arl.noaa.gov/hypub-bin/traj2.pl
TRY SAVE:https://ready.arl.noaa.gov/hypubout/tdump.111924.txt
-done-
Begin: 20/60:gdas1.sep20.w1
POST: https://ready.arl.noaa.gov/hypub-bin/trajtype.pl?runtype=archive
POST:https://ready.arl.noaa.gov/hypub-bin/trajasrc.pl 
POST: https://ready.arl.noaa.gov/hypub-bin/trajsrcm.pl
POST: https://ready.arl.noaa.gov/hypub-bin/traj1.pl
<OPTION>00<OPTION>1<OPTION>2<OPTION>3<OPTION>4<OPTION>5<OPTION>6<OPTION>7<OPTION>8<OPTION>9<OPTION>10<OPTION>11<OPTION>12<OPTION>13<OPTION>14<OPTION>15<OPTION>16<OPTION>17<OPTION>18<OPTION>19<OPTION>20<OPTION>21<OPTION>22<OPTION>23<
<OPTION>01<OPTION>02<OPTION>03<OPTION>04<OPTION>05<OPTION>06<OPTION>07<
<OPTION>09<
<OPTION>20<
Post: https://ready.arl.noaa.gov/hypub-bin/traj2.pl
TRY SAVE:https://ready.arl.noaa.gov/hypubout/tdump.111939.txt
-done-
Post: https://ready.arl.noaa.gov/hypub-bin/traj2.pl
TRY SAVE:https://ready.arl.noaa.gov/hypubout/tdump.111946.txt
-done-
Post: https://ready.arl.noaa.gov/hypub-bin/traj2.pl
TRY SAVE:https://ready.arl.noaa.gov/hypubout/tdump.111952.txt
-done-
Post: https://ready.arl.noaa.gov/hypub-bin/traj2.pl
TRY SAVE:https://ready.arl.noaa.gov/hypubout/tdump.111963.txt
-done-
Post: https://ready.arl.noaa.gov/hypub-bin/traj2.pl
TRY SAVE:https://ready.arl.noaa.gov/hypubout/tdump.111987.txt
-done-
Post: https://ready.arl.noaa.gov/hypub-bin/traj2.pl
TRY SAVE:https://ready.arl.noaa.gov/hypubout/tdump.111999.txt
-done-
Post: https://ready.arl.noaa.gov/hypub-bin/traj2.pl
TRY SAVE:https://ready.arl.noaa.gov/hypubout/tdump.112032.txt
-done-
Begin: 21/60:gdas1.aug20.w5
POST: https://ready.arl.noaa.gov/hypub-bin/trajtype.pl?runtype=archive
POST:https://ready.arl.noaa.gov/hypub-bin/trajasrc.pl 
POST: https://ready.arl.noaa.gov/hypub-bin/trajsrcm.pl
POST: https://ready.arl.noaa.gov/hypub-bin/traj1.pl
<OPTION>00<OPTION>1<OPTION>2<OPTION>3<OPTION>4<OPTION>5<OPTION>6<OPTION>7<OPTION>8<OPTION>9<OPTION>10<OPTION>11<OPTION>12<OPTION>13<OPTION>14<OPTION>15<OPTION>16<OPTION>17<OPTION>18<OPTION>19<OPTION>20<OPTION>21<OPTION>22<OPTION>23<
<OPTION>29<OPTION>30<OPTION>31<
<OPTION>08<
<OPTION>20<
Post: https://ready.arl.noaa.gov/hypub-bin/traj2.pl
TRY SAVE:https://ready.arl.noaa.gov/hypubout/tdump.112051.txt
-done-
Post: https://ready.arl.noaa.gov/hypub-bin/traj2.pl
TRY SAVE:https://ready.arl.noaa.gov/hypubout/tdump.112061.txt
-done-
Post: https://ready.arl.noaa.gov/hypub-bin/traj2.pl
TRY SAVE:https://ready.arl.noaa.gov/hypubout/tdump.112073.txt
-done-
Begin: 22/60:gdas1.aug20.w4
POST: https://ready.arl.noaa.gov/hypub-bin/trajtype.pl?runtype=archive
POST:https://ready.arl.noaa.gov/hypub-bin/trajasrc.pl 
POST: https://ready.arl.noaa.gov/hypub-bin/trajsrcm.pl
POST: https://ready.arl.noaa.gov/hypub-bin/traj1.pl
<OPTION>00<OPTION>1<OPTION>2<OPTION>3<OPTION>4<OPTION>5<OPTION>6<OPTION>7<OPTION>8<OPTION>9<OPTION>10<OPTION>11<OPTION>12<OPTION>13<OPTION>14<OPTION>15<OPTION>16<OPTION>17<OPTION>18<OPTION>19<OPTION>20<OPTION>21<OPTION>22<OPTION>23<
<OPTION>22<OPTION>23<OPTION>24<OPTION>25<OPTION>26<OPTION>27<OPTION>28<
<OPTION>08<
<OPTION>20<
Post: https://ready.arl.noaa.gov/hypub-bin/traj2.pl
TRY SAVE:https://ready.arl.noaa.gov/hypubout/tdump.112081.txt
-done-
Post: https://ready.arl.noaa.gov/hypub-bin/traj2.pl
TRY SAVE:https://ready.arl.noaa.gov/hypubout/tdump.112091.txt
-done-
Post: https://ready.arl.noaa.gov/hypub-bin/traj2.pl
TRY SAVE:https://ready.arl.noaa.gov/hypubout/tdump.112102.txt
-done-
Post: https://ready.arl.noaa.gov/hypub-bin/traj2.pl
TRY SAVE:https://ready.arl.noaa.gov/hypubout/tdump.112130.txt
-done-
Post: https://ready.arl.noaa.gov/hypub-bin/traj2.pl
TRY SAVE:https://ready.arl.noaa.gov/hypubout/tdump.112148.txt
-done-
Post: https://ready.arl.noaa.gov/hypub-bin/traj2.pl
TRY SAVE:https://ready.arl.noaa.gov/hypubout/tdump.112154.txt
-done-
Post: https://ready.arl.noaa.gov/hypub-bin/traj2.pl
TRY SAVE:https://ready.arl.noaa.gov/hypubout/tdump.112160.txt
-done-
Begin: 23/60:gdas1.aug20.w3
POST: https://ready.arl.noaa.gov/hypub-bin/trajtype.pl?runtype=archive
POST:https://ready.arl.noaa.gov/hypub-bin/trajasrc.pl 
POST: https://ready.arl.noaa.gov/hypub-bin/trajsrcm.pl
POST: https://ready.arl.noaa.gov/hypub-bin/traj1.pl
<OPTION>00<OPTION>1<OPTION>2<OPTION>3<OPTION>4<OPTION>5<OPTION>6<OPTION>7<OPTION>8<OPTION>9<OPTION>10<OPTION>11<OPTION>12<OPTION>13<OPTION>14<OPTION>15<OPTION>16<OPTION>17<OPTION>18<OPTION>19<OPTION>20<OPTION>21<OPTION>22<OPTION>23<
<OPTION>15<OPTION>16<OPTION>17<OPTION>18<OPTION>19<OPTION>20<OPTION>21<
<OPTION>08<
<OPTION>20<
Post: https://ready.arl.noaa.gov/hypub-bin/traj2.pl
TRY SAVE:https://ready.arl.noaa.gov/hypubout/tdump.112181.txt
-done-
Post: https://ready.arl.noaa.gov/hypub-bin/traj2.pl
TRY SAVE:https://ready.arl.noaa.gov/hypubout/tdump.112203.txt
-done-
Post: https://ready.arl.noaa.gov/hypub-bin/traj2.pl
TRY SAVE:https://ready.arl.noaa.gov/hypubout/tdump.112227.txt
-done-
Post: https://ready.arl.noaa.gov/hypub-bin/traj2.pl
TRY SAVE:https://ready.arl.noaa.gov/hypubout/tdump.112244.txt
-done-
Post: https://ready.arl.noaa.gov/hypub-bin/traj2.pl
TRY SAVE:https://ready.arl.noaa.gov/hypubout/tdump.112256.txt
-done-
Post: https://ready.arl.noaa.gov/hypub-bin/traj2.pl
TRY SAVE:https://ready.arl.noaa.gov/hypubout/tdump.112267.txt
-done-
Post: https://ready.arl.noaa.gov/hypub-bin/traj2.pl
TRY SAVE:https://ready.arl.noaa.gov/hypubout/tdump.112297.txt
-done-
Begin: 24/60:gdas1.aug20.w2
POST: https://ready.arl.noaa.gov/hypub-bin/trajtype.pl?runtype=archive
POST:https://ready.arl.noaa.gov/hypub-bin/trajasrc.pl 
POST: https://ready.arl.noaa.gov/hypub-bin/trajsrcm.pl
POST: https://ready.arl.noaa.gov/hypub-bin/traj1.pl
<OPTION>00<OPTION>1<OPTION>2<OPTION>3<OPTION>4<OPTION>5<OPTION>6<OPTION>7<OPTION>8<OPTION>9<OPTION>10<OPTION>11<OPTION>12<OPTION>13<OPTION>14<OPTION>15<OPTION>16<OPTION>17<OPTION>18<OPTION>19<OPTION>20<OPTION>21<OPTION>22<OPTION>23<
<OPTION>08<OPTION>09<OPTION>10<OPTION>11<OPTION>12<OPTION>13<OPTION>14<
<OPTION>08<
<OPTION>20<
Post: https://ready.arl.noaa.gov/hypub-bin/traj2.pl
TRY SAVE:https://ready.arl.noaa.gov/hypubout/tdump.112319.txt
-done-
Post: https://ready.arl.noaa.gov/hypub-bin/traj2.pl
TRY SAVE:https://ready.arl.noaa.gov/hypubout/tdump.112326.txt
-done-
Post: https://ready.arl.noaa.gov/hypub-bin/traj2.pl
TRY SAVE:https://ready.arl.noaa.gov/hypubout/tdump.112355.txt
-done-
Post: https://ready.arl.noaa.gov/hypub-bin/traj2.pl
TRY SAVE:https://ready.arl.noaa.gov/hypubout/tdump.112402.txt
-done-
Post: https://ready.arl.noaa.gov/hypub-bin/traj2.pl
TRY SAVE:https://ready.arl.noaa.gov/hypubout/tdump.112422.txt
-done-
Post: https://ready.arl.noaa.gov/hypub-bin/traj2.pl
TRY SAVE:https://ready.arl.noaa.gov/hypubout/tdump.112438.txt
-done-
Post: https://ready.arl.noaa.gov/hypub-bin/traj2.pl
TRY SAVE:https://ready.arl.noaa.gov/hypubout/tdump.112452.txt
-done-
Begin: 25/60:gdas1.aug20.w1
POST: https://ready.arl.noaa.gov/hypub-bin/trajtype.pl?runtype=archive
POST:https://ready.arl.noaa.gov/hypub-bin/trajasrc.pl 
POST: https://ready.arl.noaa.gov/hypub-bin/trajsrcm.pl
POST: https://ready.arl.noaa.gov/hypub-bin/traj1.pl
<OPTION>00<OPTION>1<OPTION>2<OPTION>3<OPTION>4<OPTION>5<OPTION>6<OPTION>7<OPTION>8<OPTION>9<OPTION>10<OPTION>11<OPTION>12<OPTION>13<OPTION>14<OPTION>15<OPTION>16<OPTION>17<OPTION>18<OPTION>19<OPTION>20<OPTION>21<OPTION>22<OPTION>23<
<OPTION>01<OPTION>02<OPTION>03<OPTION>04<OPTION>05<OPTION>06<OPTION>07<
<OPTION>08<
<OPTION>20<
Post: https://ready.arl.noaa.gov/hypub-bin/traj2.pl
TRY SAVE:https://ready.arl.noaa.gov/hypubout/tdump.112471.txt
-done-
Post: https://ready.arl.noaa.gov/hypub-bin/traj2.pl
TRY SAVE:https://ready.arl.noaa.gov/hypubout/tdump.112498.txt
-done-
Post: https://ready.arl.noaa.gov/hypub-bin/traj2.pl
TRY SAVE:https://ready.arl.noaa.gov/hypubout/tdump.112510.txt
-done-
Post: https://ready.arl.noaa.gov/hypub-bin/traj2.pl
TRY SAVE:https://ready.arl.noaa.gov/hypubout/tdump.112527.txt
-done-
Post: https://ready.arl.noaa.gov/hypub-bin/traj2.pl
TRY SAVE:https://ready.arl.noaa.gov/hypubout/tdump.112537.txt
-done-
Post: https://ready.arl.noaa.gov/hypub-bin/traj2.pl
TRY SAVE:https://ready.arl.noaa.gov/hypubout/tdump.112543.txt
-done-
Post: https://ready.arl.noaa.gov/hypub-bin/traj2.pl
TRY SAVE:https://ready.arl.noaa.gov/hypubout/tdump.112555.txt
-done-
Begin: 26/60:gdas1.jul20.w5
POST: https://ready.arl.noaa.gov/hypub-bin/trajtype.pl?runtype=archive
POST:https://ready.arl.noaa.gov/hypub-bin/trajasrc.pl 
POST: https://ready.arl.noaa.gov/hypub-bin/trajsrcm.pl
POST: https://ready.arl.noaa.gov/hypub-bin/traj1.pl
<OPTION>00<OPTION>1<OPTION>2<OPTION>3<OPTION>4<OPTION>5<OPTION>6<OPTION>7<OPTION>8<OPTION>9<OPTION>10<OPTION>11<OPTION>12<OPTION>13<OPTION>14<OPTION>15<OPTION>16<OPTION>17<OPTION>18<OPTION>19<OPTION>20<OPTION>21<OPTION>22<OPTION>23<
<OPTION>29<OPTION>30<OPTION>31<
<OPTION>07<
<OPTION>20<
Post: https://ready.arl.noaa.gov/hypub-bin/traj2.pl
TRY SAVE:https://ready.arl.noaa.gov/hypubout/tdump.112574.txt
-done-
Post: https://ready.arl.noaa.gov/hypub-bin/traj2.pl
TRY SAVE:https://ready.arl.noaa.gov/hypubout/tdump.112583.txt
-done-
Post: https://ready.arl.noaa.gov/hypub-bin/traj2.pl
TRY SAVE:https://ready.arl.noaa.gov/hypubout/tdump.112593.txt
-done-
Begin: 27/60:gdas1.jul20.w4
POST: https://ready.arl.noaa.gov/hypub-bin/trajtype.pl?runtype=archive
POST:https://ready.arl.noaa.gov/hypub-bin/trajasrc.pl 
POST: https://ready.arl.noaa.gov/hypub-bin/trajsrcm.pl
POST: https://ready.arl.noaa.gov/hypub-bin/traj1.pl
<OPTION>00<OPTION>1<OPTION>2<OPTION>3<OPTION>4<OPTION>5<OPTION>6<OPTION>7<OPTION>8<OPTION>9<OPTION>10<OPTION>11<OPTION>12<OPTION>13<OPTION>14<OPTION>15<OPTION>16<OPTION>17<OPTION>18<OPTION>19<OPTION>20<OPTION>21<OPTION>22<OPTION>23<
<OPTION>22<OPTION>23<OPTION>24<OPTION>25<OPTION>26<OPTION>27<OPTION>28<
<OPTION>07<
<OPTION>20<
Post: https://ready.arl.noaa.gov/hypub-bin/traj2.pl
TRY SAVE:https://ready.arl.noaa.gov/hypubout/tdump.112622.txt
-done-
Post: https://ready.arl.noaa.gov/hypub-bin/traj2.pl
TRY SAVE:https://ready.arl.noaa.gov/hypubout/tdump.112631.txt
-done-
Post: https://ready.arl.noaa.gov/hypub-bin/traj2.pl
TRY SAVE:https://ready.arl.noaa.gov/hypubout/tdump.112640.txt
-done-
Post: https://ready.arl.noaa.gov/hypub-bin/traj2.pl
TRY SAVE:https://ready.arl.noaa.gov/hypubout/tdump.112662.txt
-done-
Post: https://ready.arl.noaa.gov/hypub-bin/traj2.pl
TRY SAVE:https://ready.arl.noaa.gov/hypubout/tdump.112682.txt
-done-
Post: https://ready.arl.noaa.gov/hypub-bin/traj2.pl
TRY SAVE:https://ready.arl.noaa.gov/hypubout/tdump.112694.txt
-done-
Post: https://ready.arl.noaa.gov/hypub-bin/traj2.pl
TRY SAVE:https://ready.arl.noaa.gov/hypubout/tdump.112713.txt
-done-
Begin: 28/60:gdas1.jul20.w3
POST: https://ready.arl.noaa.gov/hypub-bin/trajtype.pl?runtype=archive
POST:https://ready.arl.noaa.gov/hypub-bin/trajasrc.pl 
POST: https://ready.arl.noaa.gov/hypub-bin/trajsrcm.pl
POST: https://ready.arl.noaa.gov/hypub-bin/traj1.pl
<OPTION>00<OPTION>1<OPTION>2<OPTION>3<OPTION>4<OPTION>5<OPTION>6<OPTION>7<OPTION>8<OPTION>9<OPTION>10<OPTION>11<OPTION>12<OPTION>13<OPTION>14<OPTION>15<OPTION>16<OPTION>17<OPTION>18<OPTION>19<OPTION>20<OPTION>21<OPTION>22<OPTION>23<
<OPTION>15<OPTION>16<OPTION>17<OPTION>18<OPTION>19<OPTION>20<OPTION>21<
<OPTION>07<
<OPTION>20<
Post: https://ready.arl.noaa.gov/hypub-bin/traj2.pl
TRY SAVE:https://ready.arl.noaa.gov/hypubout/tdump.112728.txt
-done-
Post: https://ready.arl.noaa.gov/hypub-bin/traj2.pl
TRY SAVE:https://ready.arl.noaa.gov/hypubout/tdump.112740.txt
-done-
Post: https://ready.arl.noaa.gov/hypub-bin/traj2.pl
TRY SAVE:https://ready.arl.noaa.gov/hypubout/tdump.112765.txt
-done-
Post: https://ready.arl.noaa.gov/hypub-bin/traj2.pl
TRY SAVE:https://ready.arl.noaa.gov/hypubout/tdump.112779.txt
-done-
Post: https://ready.arl.noaa.gov/hypub-bin/traj2.pl
TRY SAVE:https://ready.arl.noaa.gov/hypubout/tdump.112785.txt
-done-
Post: https://ready.arl.noaa.gov/hypub-bin/traj2.pl
TRY SAVE:https://ready.arl.noaa.gov/hypubout/tdump.112801.txt
-done-
Post: https://ready.arl.noaa.gov/hypub-bin/traj2.pl
TRY SAVE:https://ready.arl.noaa.gov/hypubout/tdump.112824.txt
-done-
Begin: 29/60:gdas1.jul20.w2
POST: https://ready.arl.noaa.gov/hypub-bin/trajtype.pl?runtype=archive
POST:https://ready.arl.noaa.gov/hypub-bin/trajasrc.pl 
POST: https://ready.arl.noaa.gov/hypub-bin/trajsrcm.pl
POST: https://ready.arl.noaa.gov/hypub-bin/traj1.pl
<OPTION>00<OPTION>1<OPTION>2<OPTION>3<OPTION>4<OPTION>5<OPTION>6<OPTION>7<OPTION>8<OPTION>9<OPTION>10<OPTION>11<OPTION>12<OPTION>13<OPTION>14<OPTION>15<OPTION>16<OPTION>17<OPTION>18<OPTION>19<OPTION>20<OPTION>21<OPTION>22<OPTION>23<
<OPTION>08<OPTION>09<OPTION>10<OPTION>11<OPTION>12<OPTION>13<OPTION>14<
<OPTION>07<
<OPTION>20<
Post: https://ready.arl.noaa.gov/hypub-bin/traj2.pl
TRY SAVE:https://ready.arl.noaa.gov/hypubout/tdump.112831.txt
-done-
Post: https://ready.arl.noaa.gov/hypub-bin/traj2.pl
TRY SAVE:https://ready.arl.noaa.gov/hypubout/tdump.112850.txt
-done-
Post: https://ready.arl.noaa.gov/hypub-bin/traj2.pl
TRY SAVE:https://ready.arl.noaa.gov/hypubout/tdump.112861.txt
-done-
Post: https://ready.arl.noaa.gov/hypub-bin/traj2.pl
TRY SAVE:https://ready.arl.noaa.gov/hypubout/tdump.112875.txt
-done-
Post: https://ready.arl.noaa.gov/hypub-bin/traj2.pl
TRY SAVE:https://ready.arl.noaa.gov/hypubout/tdump.112882.txt
-done-
Post: https://ready.arl.noaa.gov/hypub-bin/traj2.pl
TRY SAVE:https://ready.arl.noaa.gov/hypubout/tdump.112909.txt
-done-
Post: https://ready.arl.noaa.gov/hypub-bin/traj2.pl
TRY SAVE:https://ready.arl.noaa.gov/hypubout/tdump.112923.txt
-done-
Begin: 30/60:gdas1.jul20.w1
POST: https://ready.arl.noaa.gov/hypub-bin/trajtype.pl?runtype=archive
POST:https://ready.arl.noaa.gov/hypub-bin/trajasrc.pl 
POST: https://ready.arl.noaa.gov/hypub-bin/trajsrcm.pl
POST: https://ready.arl.noaa.gov/hypub-bin/traj1.pl
<OPTION>00<OPTION>1<OPTION>2<OPTION>3<OPTION>4<OPTION>5<OPTION>6<OPTION>7<OPTION>8<OPTION>9<OPTION>10<OPTION>11<OPTION>12<OPTION>13<OPTION>14<OPTION>15<OPTION>16<OPTION>17<OPTION>18<OPTION>19<OPTION>20<OPTION>21<OPTION>22<OPTION>23<
<OPTION>01<OPTION>02<OPTION>03<OPTION>04<OPTION>05<OPTION>06<OPTION>07<
<OPTION>07<
<OPTION>20<
Post: https://ready.arl.noaa.gov/hypub-bin/traj2.pl
TRY SAVE:https://ready.arl.noaa.gov/hypubout/tdump.112949.txt
-done-
Post: https://ready.arl.noaa.gov/hypub-bin/traj2.pl
TRY SAVE:https://ready.arl.noaa.gov/hypubout/tdump.112955.txt
-done-
Post: https://ready.arl.noaa.gov/hypub-bin/traj2.pl
TRY SAVE:https://ready.arl.noaa.gov/hypubout/tdump.112962.txt
-done-
Post: https://ready.arl.noaa.gov/hypub-bin/traj2.pl
TRY SAVE:https://ready.arl.noaa.gov/hypubout/tdump.112971.txt
-done-
Post: https://ready.arl.noaa.gov/hypub-bin/traj2.pl
TRY SAVE:https://ready.arl.noaa.gov/hypubout/tdump.112992.txt
-done-
Post: https://ready.arl.noaa.gov/hypub-bin/traj2.pl
TRY SAVE:https://ready.arl.noaa.gov/hypubout/tdump.113014.txt
-done-
Post: https://ready.arl.noaa.gov/hypub-bin/traj2.pl
TRY SAVE:https://ready.arl.noaa.gov/hypubout/tdump.113024.txt
-done-
Begin: 31/60:gdas1.jun20.w5
POST: https://ready.arl.noaa.gov/hypub-bin/trajtype.pl?runtype=archive
POST:https://ready.arl.noaa.gov/hypub-bin/trajasrc.pl 
POST: https://ready.arl.noaa.gov/hypub-bin/trajsrcm.pl
POST: https://ready.arl.noaa.gov/hypub-bin/traj1.pl
<OPTION>00<OPTION>1<OPTION>2<OPTION>3<OPTION>4<OPTION>5<OPTION>6<OPTION>7<OPTION>8<OPTION>9<OPTION>10<OPTION>11<OPTION>12<OPTION>13<OPTION>14<OPTION>15<OPTION>16<OPTION>17<OPTION>18<OPTION>19<OPTION>20<OPTION>21<OPTION>22<OPTION>23<
<OPTION>29<OPTION>30<
<OPTION>06<
<OPTION>20<
Post: https://ready.arl.noaa.gov/hypub-bin/traj2.pl
TRY SAVE:https://ready.arl.noaa.gov/hypubout/tdump.113034.txt
-done-
Post: https://ready.arl.noaa.gov/hypub-bin/traj2.pl
TRY SAVE:https://ready.arl.noaa.gov/hypubout/tdump.113041.txt
-done-
Begin: 32/60:gdas1.jun20.w4
POST: https://ready.arl.noaa.gov/hypub-bin/trajtype.pl?runtype=archive
POST:https://ready.arl.noaa.gov/hypub-bin/trajasrc.pl 
POST: https://ready.arl.noaa.gov/hypub-bin/trajsrcm.pl
POST: https://ready.arl.noaa.gov/hypub-bin/traj1.pl
<OPTION>00<OPTION>1<OPTION>2<OPTION>3<OPTION>4<OPTION>5<OPTION>6<OPTION>7<OPTION>8<OPTION>9<OPTION>10<OPTION>11<OPTION>12<OPTION>13<OPTION>14<OPTION>15<OPTION>16<OPTION>17<OPTION>18<OPTION>19<OPTION>20<OPTION>21<OPTION>22<OPTION>23<
<OPTION>22<OPTION>23<OPTION>24<OPTION>25<OPTION>26<OPTION>27<OPTION>28<
<OPTION>06<
<OPTION>20<
Post: https://ready.arl.noaa.gov/hypub-bin/traj2.pl
TRY SAVE:https://ready.arl.noaa.gov/hypubout/tdump.113067.txt
-done-
Post: https://ready.arl.noaa.gov/hypub-bin/traj2.pl
TRY SAVE:https://ready.arl.noaa.gov/hypubout/tdump.113078.txt
-done-
Post: https://ready.arl.noaa.gov/hypub-bin/traj2.pl
TRY SAVE:https://ready.arl.noaa.gov/hypubout/tdump.113081.txt
-done-
Post: https://ready.arl.noaa.gov/hypub-bin/traj2.pl
TRY SAVE:https://ready.arl.noaa.gov/hypubout/tdump.113101.txt
-done-
Post: https://ready.arl.noaa.gov/hypub-bin/traj2.pl
TRY SAVE:https://ready.arl.noaa.gov/hypubout/tdump.113112.txt
-done-
Post: https://ready.arl.noaa.gov/hypub-bin/traj2.pl
TRY SAVE:https://ready.arl.noaa.gov/hypubout/tdump.113129.txt
-done-
Post: https://ready.arl.noaa.gov/hypub-bin/traj2.pl
TRY SAVE:https://ready.arl.noaa.gov/hypubout/tdump.113134.txt
-done-
Begin: 33/60:gdas1.jun20.w3
POST: https://ready.arl.noaa.gov/hypub-bin/trajtype.pl?runtype=archive
POST:https://ready.arl.noaa.gov/hypub-bin/trajasrc.pl 
POST: https://ready.arl.noaa.gov/hypub-bin/trajsrcm.pl
POST: https://ready.arl.noaa.gov/hypub-bin/traj1.pl
<OPTION>00<OPTION>1<OPTION>2<OPTION>3<OPTION>4<OPTION>5<OPTION>6<OPTION>7<OPTION>8<OPTION>9<OPTION>10<OPTION>11<OPTION>12<OPTION>13<OPTION>14<OPTION>15<OPTION>16<OPTION>17<OPTION>18<OPTION>19<OPTION>20<OPTION>21<OPTION>22<OPTION>23<
<OPTION>15<OPTION>16<OPTION>17<OPTION>18<OPTION>19<OPTION>20<OPTION>21<
<OPTION>06<
<OPTION>20<
Post: https://ready.arl.noaa.gov/hypub-bin/traj2.pl
TRY SAVE:https://ready.arl.noaa.gov/hypubout/tdump.113174.txt
-done-
Post: https://ready.arl.noaa.gov/hypub-bin/traj2.pl
TRY SAVE:https://ready.arl.noaa.gov/hypubout/tdump.113185.txt
-done-
Post: https://ready.arl.noaa.gov/hypub-bin/traj2.pl
TRY SAVE:https://ready.arl.noaa.gov/hypubout/tdump.113195.txt
-done-
Post: https://ready.arl.noaa.gov/hypub-bin/traj2.pl
TRY SAVE:https://ready.arl.noaa.gov/hypubout/tdump.113204.txt
-done-
Post: https://ready.arl.noaa.gov/hypub-bin/traj2.pl
TRY SAVE:https://ready.arl.noaa.gov/hypubout/tdump.113222.txt
-done-
Post: https://ready.arl.noaa.gov/hypub-bin/traj2.pl
TRY SAVE:https://ready.arl.noaa.gov/hypubout/tdump.113245.txt
-done-
Post: https://ready.arl.noaa.gov/hypub-bin/traj2.pl
TRY SAVE:https://ready.arl.noaa.gov/hypubout/tdump.113252.txt
-done-
Begin: 34/60:gdas1.jun20.w2
POST: https://ready.arl.noaa.gov/hypub-bin/trajtype.pl?runtype=archive
POST:https://ready.arl.noaa.gov/hypub-bin/trajasrc.pl 
POST: https://ready.arl.noaa.gov/hypub-bin/trajsrcm.pl
POST: https://ready.arl.noaa.gov/hypub-bin/traj1.pl
<OPTION>00<OPTION>1<OPTION>2<OPTION>3<OPTION>4<OPTION>5<OPTION>6<OPTION>7<OPTION>8<OPTION>9<OPTION>10<OPTION>11<OPTION>12<OPTION>13<OPTION>14<OPTION>15<OPTION>16<OPTION>17<OPTION>18<OPTION>19<OPTION>20<OPTION>21<OPTION>22<OPTION>23<
<OPTION>08<OPTION>09<OPTION>10<OPTION>11<OPTION>12<OPTION>13<OPTION>14<
<OPTION>06<
<OPTION>20<
Post: https://ready.arl.noaa.gov/hypub-bin/traj2.pl
TRY SAVE:https://ready.arl.noaa.gov/hypubout/tdump.113261.txt
-done-
Post: https://ready.arl.noaa.gov/hypub-bin/traj2.pl
TRY SAVE:https://ready.arl.noaa.gov/hypubout/tdump.113298.txt
-done-
Post: https://ready.arl.noaa.gov/hypub-bin/traj2.pl
TRY SAVE:https://ready.arl.noaa.gov/hypubout/tdump.113301.txt
-done-
Post: https://ready.arl.noaa.gov/hypub-bin/traj2.pl
TRY SAVE:https://ready.arl.noaa.gov/hypubout/tdump.113311.txt
-done-
Post: https://ready.arl.noaa.gov/hypub-bin/traj2.pl
TRY SAVE:https://ready.arl.noaa.gov/hypubout/tdump.113333.txt
-done-
Post: https://ready.arl.noaa.gov/hypub-bin/traj2.pl
TRY SAVE:https://ready.arl.noaa.gov/hypubout/tdump.113340.txt
-done-
Post: https://ready.arl.noaa.gov/hypub-bin/traj2.pl
TRY SAVE:https://ready.arl.noaa.gov/hypubout/tdump.113365.txt
-done-
Begin: 35/60:gdas1.jun20.w1
POST: https://ready.arl.noaa.gov/hypub-bin/trajtype.pl?runtype=archive
POST:https://ready.arl.noaa.gov/hypub-bin/trajasrc.pl 
POST: https://ready.arl.noaa.gov/hypub-bin/trajsrcm.pl
POST: https://ready.arl.noaa.gov/hypub-bin/traj1.pl
<OPTION>00<OPTION>1<OPTION>2<OPTION>3<OPTION>4<OPTION>5<OPTION>6<OPTION>7<OPTION>8<OPTION>9<OPTION>10<OPTION>11<OPTION>12<OPTION>13<OPTION>14<OPTION>15<OPTION>16<OPTION>17<OPTION>18<OPTION>19<OPTION>20<OPTION>21<OPTION>22<OPTION>23<
<OPTION>01<OPTION>02<OPTION>03<OPTION>04<OPTION>05<OPTION>06<OPTION>07<
<OPTION>06<
<OPTION>20<
Post: https://ready.arl.noaa.gov/hypub-bin/traj2.pl
TRY SAVE:https://ready.arl.noaa.gov/hypubout/tdump.113394.txt
-done-
Post: https://ready.arl.noaa.gov/hypub-bin/traj2.pl
TRY SAVE:https://ready.arl.noaa.gov/hypubout/tdump.113400.txt
-done-
Post: https://ready.arl.noaa.gov/hypub-bin/traj2.pl
TRY SAVE:https://ready.arl.noaa.gov/hypubout/tdump.113436.txt
-done-
Post: https://ready.arl.noaa.gov/hypub-bin/traj2.pl
TRY SAVE:https://ready.arl.noaa.gov/hypubout/tdump.113451.txt
-done-
Post: https://ready.arl.noaa.gov/hypub-bin/traj2.pl
TRY SAVE:https://ready.arl.noaa.gov/hypubout/tdump.113468.txt
-done-
Post: https://ready.arl.noaa.gov/hypub-bin/traj2.pl
TRY SAVE:https://ready.arl.noaa.gov/hypubout/tdump.113497.txt
-done-
Post: https://ready.arl.noaa.gov/hypub-bin/traj2.pl
TRY SAVE:https://ready.arl.noaa.gov/hypubout/tdump.113508.txt
-done-
Begin: 36/60:gdas1.may20.w5
POST: https://ready.arl.noaa.gov/hypub-bin/trajtype.pl?runtype=archive
POST:https://ready.arl.noaa.gov/hypub-bin/trajasrc.pl 
POST: https://ready.arl.noaa.gov/hypub-bin/trajsrcm.pl
POST: https://ready.arl.noaa.gov/hypub-bin/traj1.pl
<OPTION>00<OPTION>1<OPTION>2<OPTION>3<OPTION>4<OPTION>5<OPTION>6<OPTION>7<OPTION>8<OPTION>9<OPTION>10<OPTION>11<OPTION>12<OPTION>13<OPTION>14<OPTION>15<OPTION>16<OPTION>17<OPTION>18<OPTION>19<OPTION>20<OPTION>21<OPTION>22<OPTION>23<
<OPTION>29<OPTION>30<OPTION>31<
<OPTION>05<
<OPTION>20<
Post: https://ready.arl.noaa.gov/hypub-bin/traj2.pl
TRY SAVE:https://ready.arl.noaa.gov/hypubout/tdump.113526.txt
-done-
Post: https://ready.arl.noaa.gov/hypub-bin/traj2.pl
TRY SAVE:https://ready.arl.noaa.gov/hypubout/tdump.113549.txt
-done-
Post: https://ready.arl.noaa.gov/hypub-bin/traj2.pl
TRY SAVE:https://ready.arl.noaa.gov/hypubout/tdump.113572.txt
-done-
Begin: 37/60:gdas1.may20.w4
POST: https://ready.arl.noaa.gov/hypub-bin/trajtype.pl?runtype=archive
POST:https://ready.arl.noaa.gov/hypub-bin/trajasrc.pl 
POST: https://ready.arl.noaa.gov/hypub-bin/trajsrcm.pl
POST: https://ready.arl.noaa.gov/hypub-bin/traj1.pl
<OPTION>00<OPTION>1<OPTION>2<OPTION>3<OPTION>4<OPTION>5<OPTION>6<OPTION>7<OPTION>8<OPTION>9<OPTION>10<OPTION>11<OPTION>12<OPTION>13<OPTION>14<OPTION>15<OPTION>16<OPTION>17<OPTION>18<OPTION>19<OPTION>20<OPTION>21<OPTION>22<OPTION>23<
<OPTION>22<OPTION>23<OPTION>24<OPTION>25<OPTION>26<OPTION>27<OPTION>28<
<OPTION>05<
<OPTION>20<
Post: https://ready.arl.noaa.gov/hypub-bin/traj2.pl
TRY SAVE:https://ready.arl.noaa.gov/hypubout/tdump.113597.txt
-done-
Post: https://ready.arl.noaa.gov/hypub-bin/traj2.pl
TRY SAVE:https://ready.arl.noaa.gov/hypubout/tdump.113607.txt
-done-
Post: https://ready.arl.noaa.gov/hypub-bin/traj2.pl
TRY SAVE:https://ready.arl.noaa.gov/hypubout/tdump.113624.txt
-done-
Post: https://ready.arl.noaa.gov/hypub-bin/traj2.pl
TRY SAVE:https://ready.arl.noaa.gov/hypubout/tdump.113650.txt
-done-
Post: https://ready.arl.noaa.gov/hypub-bin/traj2.pl
TRY SAVE:https://ready.arl.noaa.gov/hypubout/tdump.113663.txt
-done-
Post: https://ready.arl.noaa.gov/hypub-bin/traj2.pl
TRY SAVE:https://ready.arl.noaa.gov/hypubout/tdump.113671.txt
-done-
Post: https://ready.arl.noaa.gov/hypub-bin/traj2.pl
TRY SAVE:https://ready.arl.noaa.gov/hypubout/tdump.113695.txt
-done-
Begin: 38/60:gdas1.may20.w3
POST: https://ready.arl.noaa.gov/hypub-bin/trajtype.pl?runtype=archive
POST:https://ready.arl.noaa.gov/hypub-bin/trajasrc.pl 
POST: https://ready.arl.noaa.gov/hypub-bin/trajsrcm.pl
POST: https://ready.arl.noaa.gov/hypub-bin/traj1.pl
<OPTION>00<OPTION>1<OPTION>2<OPTION>3<OPTION>4<OPTION>5<OPTION>6<OPTION>7<OPTION>8<OPTION>9<OPTION>10<OPTION>11<OPTION>12<OPTION>13<OPTION>14<OPTION>15<OPTION>16<OPTION>17<OPTION>18<OPTION>19<OPTION>20<OPTION>21<OPTION>22<OPTION>23<
<OPTION>15<OPTION>16<OPTION>17<OPTION>18<OPTION>19<OPTION>20<OPTION>21<
<OPTION>05<
<OPTION>20<
Post: https://ready.arl.noaa.gov/hypub-bin/traj2.pl
TRY SAVE:https://ready.arl.noaa.gov/hypubout/tdump.113713.txt
-done-
Post: https://ready.arl.noaa.gov/hypub-bin/traj2.pl
TRY SAVE:https://ready.arl.noaa.gov/hypubout/tdump.113734.txt
-done-
Post: https://ready.arl.noaa.gov/hypub-bin/traj2.pl
TRY SAVE:https://ready.arl.noaa.gov/hypubout/tdump.113746.txt
-done-
Post: https://ready.arl.noaa.gov/hypub-bin/traj2.pl
TRY SAVE:https://ready.arl.noaa.gov/hypubout/tdump.113777.txt
-done-
Post: https://ready.arl.noaa.gov/hypub-bin/traj2.pl
TRY SAVE:https://ready.arl.noaa.gov/hypubout/tdump.113782.txt
-done-
Post: https://ready.arl.noaa.gov/hypub-bin/traj2.pl
TRY SAVE:https://ready.arl.noaa.gov/hypubout/tdump.113796.txt
-done-
Post: https://ready.arl.noaa.gov/hypub-bin/traj2.pl
TRY SAVE:https://ready.arl.noaa.gov/hypubout/tdump.113811.txt
-done-
Begin: 39/60:gdas1.may20.w2
POST: https://ready.arl.noaa.gov/hypub-bin/trajtype.pl?runtype=archive
POST:https://ready.arl.noaa.gov/hypub-bin/trajasrc.pl 
POST: https://ready.arl.noaa.gov/hypub-bin/trajsrcm.pl
POST: https://ready.arl.noaa.gov/hypub-bin/traj1.pl
<OPTION>00<OPTION>1<OPTION>2<OPTION>3<OPTION>4<OPTION>5<OPTION>6<OPTION>7<OPTION>8<OPTION>9<OPTION>10<OPTION>11<OPTION>12<OPTION>13<OPTION>14<OPTION>15<OPTION>16<OPTION>17<OPTION>18<OPTION>19<OPTION>20<OPTION>21<OPTION>22<OPTION>23<
<OPTION>08<OPTION>09<OPTION>10<OPTION>11<OPTION>12<OPTION>13<OPTION>14<
<OPTION>05<
<OPTION>20<
Post: https://ready.arl.noaa.gov/hypub-bin/traj2.pl
TRY SAVE:https://ready.arl.noaa.gov/hypubout/tdump.113849.txt
-done-
Post: https://ready.arl.noaa.gov/hypub-bin/traj2.pl
TRY SAVE:https://ready.arl.noaa.gov/hypubout/tdump.113873.txt
-done-
Post: https://ready.arl.noaa.gov/hypub-bin/traj2.pl
TRY SAVE:https://ready.arl.noaa.gov/hypubout/tdump.113885.txt
-done-
Post: https://ready.arl.noaa.gov/hypub-bin/traj2.pl
TRY SAVE:https://ready.arl.noaa.gov/hypubout/tdump.113898.txt
-done-
Post: https://ready.arl.noaa.gov/hypub-bin/traj2.pl
TRY SAVE:https://ready.arl.noaa.gov/hypubout/tdump.113900.txt
-done-
Post: https://ready.arl.noaa.gov/hypub-bin/traj2.pl
TRY SAVE:https://ready.arl.noaa.gov/hypubout/tdump.113910.txt
-done-
Post: https://ready.arl.noaa.gov/hypub-bin/traj2.pl
TRY SAVE:https://ready.arl.noaa.gov/hypubout/tdump.113920.txt
-done-
Begin: 40/60:gdas1.may20.w1
POST: https://ready.arl.noaa.gov/hypub-bin/trajtype.pl?runtype=archive
POST:https://ready.arl.noaa.gov/hypub-bin/trajasrc.pl 
POST: https://ready.arl.noaa.gov/hypub-bin/trajsrcm.pl
POST: https://ready.arl.noaa.gov/hypub-bin/traj1.pl
<OPTION>00<OPTION>1<OPTION>2<OPTION>3<OPTION>4<OPTION>5<OPTION>6<OPTION>7<OPTION>8<OPTION>9<OPTION>10<OPTION>11<OPTION>12<OPTION>13<OPTION>14<OPTION>15<OPTION>16<OPTION>17<OPTION>18<OPTION>19<OPTION>20<OPTION>21<OPTION>22<OPTION>23<
<OPTION>01<OPTION>02<OPTION>03<OPTION>04<OPTION>05<OPTION>06<OPTION>07<
<OPTION>05<
<OPTION>20<
Post: https://ready.arl.noaa.gov/hypub-bin/traj2.pl
TRY SAVE:https://ready.arl.noaa.gov/hypubout/tdump.113945.txt
-done-
Post: https://ready.arl.noaa.gov/hypub-bin/traj2.pl
TRY SAVE:https://ready.arl.noaa.gov/hypubout/tdump.113971.txt
-done-
Post: https://ready.arl.noaa.gov/hypub-bin/traj2.pl
TRY SAVE:https://ready.arl.noaa.gov/hypubout/tdump.113998.txt
-done-
Post: https://ready.arl.noaa.gov/hypub-bin/traj2.pl
TRY SAVE:https://ready.arl.noaa.gov/hypubout/tdump.114008.txt
-done-
Post: https://ready.arl.noaa.gov/hypub-bin/traj2.pl
TRY SAVE:https://ready.arl.noaa.gov/hypubout/tdump.114026.txt
-done-
Post: https://ready.arl.noaa.gov/hypub-bin/traj2.pl
TRY SAVE:https://ready.arl.noaa.gov/hypubout/tdump.114044.txt
-done-
Post: https://ready.arl.noaa.gov/hypub-bin/traj2.pl
TRY SAVE:https://ready.arl.noaa.gov/hypubout/tdump.114050.txt
-done-
Begin: 41/60:gdas1.apr20.w5
POST: https://ready.arl.noaa.gov/hypub-bin/trajtype.pl?runtype=archive
POST:https://ready.arl.noaa.gov/hypub-bin/trajasrc.pl 
POST: https://ready.arl.noaa.gov/hypub-bin/trajsrcm.pl
POST: https://ready.arl.noaa.gov/hypub-bin/traj1.pl
<OPTION>00<OPTION>1<OPTION>2<OPTION>3<OPTION>4<OPTION>5<OPTION>6<OPTION>7<OPTION>8<OPTION>9<OPTION>10<OPTION>11<OPTION>12<OPTION>13<OPTION>14<OPTION>15<OPTION>16<OPTION>17<OPTION>18<OPTION>19<OPTION>20<OPTION>21<OPTION>22<OPTION>23<
<OPTION>29<OPTION>30<
<OPTION>04<
<OPTION>20<
Post: https://ready.arl.noaa.gov/hypub-bin/traj2.pl
TRY SAVE:https://ready.arl.noaa.gov/hypubout/tdump.114071.txt
-done-
Post: https://ready.arl.noaa.gov/hypub-bin/traj2.pl
TRY SAVE:https://ready.arl.noaa.gov/hypubout/tdump.114085.txt
-done-
Begin: 42/60:gdas1.apr20.w4
POST: https://ready.arl.noaa.gov/hypub-bin/trajtype.pl?runtype=archive
POST:https://ready.arl.noaa.gov/hypub-bin/trajasrc.pl 
POST: https://ready.arl.noaa.gov/hypub-bin/trajsrcm.pl
POST: https://ready.arl.noaa.gov/hypub-bin/traj1.pl
<OPTION>00<OPTION>1<OPTION>2<OPTION>3<OPTION>4<OPTION>5<OPTION>6<OPTION>7<OPTION>8<OPTION>9<OPTION>10<OPTION>11<OPTION>12<OPTION>13<OPTION>14<OPTION>15<OPTION>16<OPTION>17<OPTION>18<OPTION>19<OPTION>20<OPTION>21<OPTION>22<OPTION>23<
<OPTION>22<OPTION>23<OPTION>24<OPTION>25<OPTION>26<OPTION>27<OPTION>28<
<OPTION>04<
<OPTION>20<
Post: https://ready.arl.noaa.gov/hypub-bin/traj2.pl
TRY SAVE:https://ready.arl.noaa.gov/hypubout/tdump.114103.txt
-done-
Post: https://ready.arl.noaa.gov/hypub-bin/traj2.pl
TRY SAVE:https://ready.arl.noaa.gov/hypubout/tdump.114117.txt
-done-
Post: https://ready.arl.noaa.gov/hypub-bin/traj2.pl
TRY SAVE:https://ready.arl.noaa.gov/hypubout/tdump.114158.txt
-done-
Post: https://ready.arl.noaa.gov/hypub-bin/traj2.pl
TRY SAVE:https://ready.arl.noaa.gov/hypubout/tdump.114168.txt
-done-
Post: https://ready.arl.noaa.gov/hypub-bin/traj2.pl
TRY SAVE:https://ready.arl.noaa.gov/hypubout/tdump.114188.txt
-done-
Post: https://ready.arl.noaa.gov/hypub-bin/traj2.pl
TRY SAVE:https://ready.arl.noaa.gov/hypubout/tdump.114206.txt
-done-
Post: https://ready.arl.noaa.gov/hypub-bin/traj2.pl
TRY SAVE:https://ready.arl.noaa.gov/hypubout/tdump.114220.txt
-done-
Begin: 43/60:gdas1.apr20.w3
POST: https://ready.arl.noaa.gov/hypub-bin/trajtype.pl?runtype=archive
POST:https://ready.arl.noaa.gov/hypub-bin/trajasrc.pl 
POST: https://ready.arl.noaa.gov/hypub-bin/trajsrcm.pl
POST: https://ready.arl.noaa.gov/hypub-bin/traj1.pl
<OPTION>00<OPTION>1<OPTION>2<OPTION>3<OPTION>4<OPTION>5<OPTION>6<OPTION>7<OPTION>8<OPTION>9<OPTION>10<OPTION>11<OPTION>12<OPTION>13<OPTION>14<OPTION>15<OPTION>16<OPTION>17<OPTION>18<OPTION>19<OPTION>20<OPTION>21<OPTION>22<OPTION>23<
<OPTION>15<OPTION>16<OPTION>17<OPTION>18<OPTION>19<OPTION>20<OPTION>21<
<OPTION>04<
<OPTION>20<
Post: https://ready.arl.noaa.gov/hypub-bin/traj2.pl
Indy raised a protocol error!
HTTP status code: 503
Error messageHTTP/1.1 200 OK
REGEXP ERROR traj2.pl: jobidno=(.*?)">
Post: https://ready.arl.noaa.gov/hypub-bin/traj2.pl
TRY SAVE:https://ready.arl.noaa.gov/hypubout/tdump.116982.txt
-done-
Post: https://ready.arl.noaa.gov/hypub-bin/traj2.pl
TRY SAVE:https://ready.arl.noaa.gov/hypubout/tdump.117003.txt
-done-
Post: https://ready.arl.noaa.gov/hypub-bin/traj2.pl
TRY SAVE:https://ready.arl.noaa.gov/hypubout/tdump.117025.txt
-done-
Post: https://ready.arl.noaa.gov/hypub-bin/traj2.pl
TRY SAVE:https://ready.arl.noaa.gov/hypubout/tdump.117038.txt
-done-
Post: https://ready.arl.noaa.gov/hypub-bin/traj2.pl
TRY SAVE:https://ready.arl.noaa.gov/hypubout/tdump.117045.txt
-done-
Post: https://ready.arl.noaa.gov/hypub-bin/traj2.pl
TRY SAVE:https://ready.arl.noaa.gov/hypubout/tdump.117067.txt
-done-
Begin: 44/60:gdas1.apr20.w2
POST: https://ready.arl.noaa.gov/hypub-bin/trajtype.pl?runtype=archive
POST:https://ready.arl.noaa.gov/hypub-bin/trajasrc.pl 
POST: https://ready.arl.noaa.gov/hypub-bin/trajsrcm.pl
POST: https://ready.arl.noaa.gov/hypub-bin/traj1.pl
<OPTION>00<OPTION>1<OPTION>2<OPTION>3<OPTION>4<OPTION>5<OPTION>6<OPTION>7<OPTION>8<OPTION>9<OPTION>10<OPTION>11<OPTION>12<OPTION>13<OPTION>14<OPTION>15<OPTION>16<OPTION>17<OPTION>18<OPTION>19<OPTION>20<OPTION>21<OPTION>22<OPTION>23<
<OPTION>08<OPTION>09<OPTION>10<OPTION>11<OPTION>12<OPTION>13<OPTION>14<
<OPTION>04<
<OPTION>20<
Post: https://ready.arl.noaa.gov/hypub-bin/traj2.pl
TRY SAVE:https://ready.arl.noaa.gov/hypubout/tdump.117079.txt
-done-
Post: https://ready.arl.noaa.gov/hypub-bin/traj2.pl
TRY SAVE:https://ready.arl.noaa.gov/hypubout/tdump.117088.txt
-done-
Post: https://ready.arl.noaa.gov/hypub-bin/traj2.pl
TRY SAVE:https://ready.arl.noaa.gov/hypubout/tdump.117092.txt
-done-
Post: https://ready.arl.noaa.gov/hypub-bin/traj2.pl
TRY SAVE:https://ready.arl.noaa.gov/hypubout/tdump.117117.txt
-done-
Post: https://ready.arl.noaa.gov/hypub-bin/traj2.pl
TRY SAVE:https://ready.arl.noaa.gov/hypubout/tdump.117138.txt
-done-
Post: https://ready.arl.noaa.gov/hypub-bin/traj2.pl
TRY SAVE:https://ready.arl.noaa.gov/hypubout/tdump.117147.txt
-done-
Post: https://ready.arl.noaa.gov/hypub-bin/traj2.pl
TRY SAVE:https://ready.arl.noaa.gov/hypubout/tdump.117156.txt
-done-
Begin: 45/60:gdas1.apr20.w1
POST: https://ready.arl.noaa.gov/hypub-bin/trajtype.pl?runtype=archive
POST:https://ready.arl.noaa.gov/hypub-bin/trajasrc.pl 
POST: https://ready.arl.noaa.gov/hypub-bin/trajsrcm.pl
POST: https://ready.arl.noaa.gov/hypub-bin/traj1.pl
<OPTION>00<OPTION>1<OPTION>2<OPTION>3<OPTION>4<OPTION>5<OPTION>6<OPTION>7<OPTION>8<OPTION>9<OPTION>10<OPTION>11<OPTION>12<OPTION>13<OPTION>14<OPTION>15<OPTION>16<OPTION>17<OPTION>18<OPTION>19<OPTION>20<OPTION>21<OPTION>22<OPTION>23<
<OPTION>01<OPTION>02<OPTION>03<OPTION>04<OPTION>05<OPTION>06<OPTION>07<
<OPTION>04<
<OPTION>20<
Post: https://ready.arl.noaa.gov/hypub-bin/traj2.pl
TRY SAVE:https://ready.arl.noaa.gov/hypubout/tdump.117170.txt
-done-
Post: https://ready.arl.noaa.gov/hypub-bin/traj2.pl
TRY SAVE:https://ready.arl.noaa.gov/hypubout/tdump.117185.txt
-done-
Post: https://ready.arl.noaa.gov/hypub-bin/traj2.pl
TRY SAVE:https://ready.arl.noaa.gov/hypubout/tdump.117194.txt
-done-
Post: https://ready.arl.noaa.gov/hypub-bin/traj2.pl
TRY SAVE:https://ready.arl.noaa.gov/hypubout/tdump.117200.txt
-done-
Post: https://ready.arl.noaa.gov/hypub-bin/traj2.pl
TRY SAVE:https://ready.arl.noaa.gov/hypubout/tdump.117216.txt
-done-
Post: https://ready.arl.noaa.gov/hypub-bin/traj2.pl
TRY SAVE:https://ready.arl.noaa.gov/hypubout/tdump.117234.txt
-done-
Post: https://ready.arl.noaa.gov/hypub-bin/traj2.pl
TRY SAVE:https://ready.arl.noaa.gov/hypubout/tdump.117247.txt
-done-
Begin: 46/60:gdas1.mar20.w5
POST: https://ready.arl.noaa.gov/hypub-bin/trajtype.pl?runtype=archive
POST:https://ready.arl.noaa.gov/hypub-bin/trajasrc.pl 
POST: https://ready.arl.noaa.gov/hypub-bin/trajsrcm.pl
POST: https://ready.arl.noaa.gov/hypub-bin/traj1.pl
<OPTION>00<OPTION>1<OPTION>2<OPTION>3<OPTION>4<OPTION>5<OPTION>6<OPTION>7<OPTION>8<OPTION>9<OPTION>10<OPTION>11<OPTION>12<OPTION>13<OPTION>14<OPTION>15<OPTION>16<OPTION>17<OPTION>18<OPTION>19<OPTION>20<OPTION>21<OPTION>22<OPTION>23<
<OPTION>29<OPTION>30<OPTION>31<
<OPTION>03<
<OPTION>20<
Post: https://ready.arl.noaa.gov/hypub-bin/traj2.pl
TRY SAVE:https://ready.arl.noaa.gov/hypubout/tdump.117256.txt
-done-
Post: https://ready.arl.noaa.gov/hypub-bin/traj2.pl
TRY SAVE:https://ready.arl.noaa.gov/hypubout/tdump.117275.txt
-done-
Post: https://ready.arl.noaa.gov/hypub-bin/traj2.pl
TRY SAVE:https://ready.arl.noaa.gov/hypubout/tdump.117285.txt
-done-
Begin: 47/60:gdas1.mar20.w4
POST: https://ready.arl.noaa.gov/hypub-bin/trajtype.pl?runtype=archive
POST:https://ready.arl.noaa.gov/hypub-bin/trajasrc.pl 
POST: https://ready.arl.noaa.gov/hypub-bin/trajsrcm.pl
POST: https://ready.arl.noaa.gov/hypub-bin/traj1.pl
<OPTION>00<OPTION>1<OPTION>2<OPTION>3<OPTION>4<OPTION>5<OPTION>6<OPTION>7<OPTION>8<OPTION>9<OPTION>10<OPTION>11<OPTION>12<OPTION>13<OPTION>14<OPTION>15<OPTION>16<OPTION>17<OPTION>18<OPTION>19<OPTION>20<OPTION>21<OPTION>22<OPTION>23<
<OPTION>22<OPTION>23<OPTION>24<OPTION>25<OPTION>26<OPTION>27<OPTION>28<
<OPTION>03<
<OPTION>20<
Post: https://ready.arl.noaa.gov/hypub-bin/traj2.pl
TRY SAVE:https://ready.arl.noaa.gov/hypubout/tdump.117295.txt
-done-
Post: https://ready.arl.noaa.gov/hypub-bin/traj2.pl
TRY SAVE:https://ready.arl.noaa.gov/hypubout/tdump.117304.txt
-done-
Post: https://ready.arl.noaa.gov/hypub-bin/traj2.pl
TRY SAVE:https://ready.arl.noaa.gov/hypubout/tdump.117320.txt
-done-
Post: https://ready.arl.noaa.gov/hypub-bin/traj2.pl
TRY SAVE:https://ready.arl.noaa.gov/hypubout/tdump.117331.txt
-done-
Post: https://ready.arl.noaa.gov/hypub-bin/traj2.pl
TRY SAVE:https://ready.arl.noaa.gov/hypubout/tdump.117346.txt
-done-
Post: https://ready.arl.noaa.gov/hypub-bin/traj2.pl
TRY SAVE:https://ready.arl.noaa.gov/hypubout/tdump.117354.txt
-done-
Post: https://ready.arl.noaa.gov/hypub-bin/traj2.pl
TRY SAVE:https://ready.arl.noaa.gov/hypubout/tdump.117378.txt
-done-
Begin: 48/60:gdas1.mar20.w3
POST: https://ready.arl.noaa.gov/hypub-bin/trajtype.pl?runtype=archive
POST:https://ready.arl.noaa.gov/hypub-bin/trajasrc.pl 
POST: https://ready.arl.noaa.gov/hypub-bin/trajsrcm.pl
POST: https://ready.arl.noaa.gov/hypub-bin/traj1.pl
<OPTION>00<OPTION>1<OPTION>2<OPTION>3<OPTION>4<OPTION>5<OPTION>6<OPTION>7<OPTION>8<OPTION>9<OPTION>10<OPTION>11<OPTION>12<OPTION>13<OPTION>14<OPTION>15<OPTION>16<OPTION>17<OPTION>18<OPTION>19<OPTION>20<OPTION>21<OPTION>22<OPTION>23<
<OPTION>15<OPTION>16<OPTION>17<OPTION>18<OPTION>19<OPTION>20<OPTION>21<
<OPTION>03<
<OPTION>20<
Post: https://ready.arl.noaa.gov/hypub-bin/traj2.pl
TRY SAVE:https://ready.arl.noaa.gov/hypubout/tdump.117398.txt
-done-
Post: https://ready.arl.noaa.gov/hypub-bin/traj2.pl
TRY SAVE:https://ready.arl.noaa.gov/hypubout/tdump.117418.txt
-done-
Post: https://ready.arl.noaa.gov/hypub-bin/traj2.pl
TRY SAVE:https://ready.arl.noaa.gov/hypubout/tdump.117435.txt
-done-
Post: https://ready.arl.noaa.gov/hypub-bin/traj2.pl
TRY SAVE:https://ready.arl.noaa.gov/hypubout/tdump.117454.txt
-done-
Post: https://ready.arl.noaa.gov/hypub-bin/traj2.pl
TRY SAVE:https://ready.arl.noaa.gov/hypubout/tdump.117462.txt
-done-
Post: https://ready.arl.noaa.gov/hypub-bin/traj2.pl
TRY SAVE:https://ready.arl.noaa.gov/hypubout/tdump.117487.txt
-done-
Post: https://ready.arl.noaa.gov/hypub-bin/traj2.pl
TRY SAVE:https://ready.arl.noaa.gov/hypubout/tdump.117505.txt
-done-
Begin: 49/60:gdas1.mar20.w2
POST: https://ready.arl.noaa.gov/hypub-bin/trajtype.pl?runtype=archive
POST:https://ready.arl.noaa.gov/hypub-bin/trajasrc.pl 
POST: https://ready.arl.noaa.gov/hypub-bin/trajsrcm.pl
POST: https://ready.arl.noaa.gov/hypub-bin/traj1.pl
<OPTION>00<OPTION>1<OPTION>2<OPTION>3<OPTION>4<OPTION>5<OPTION>6<OPTION>7<OPTION>8<OPTION>9<OPTION>10<OPTION>11<OPTION>12<OPTION>13<OPTION>14<OPTION>15<OPTION>16<OPTION>17<OPTION>18<OPTION>19<OPTION>20<OPTION>21<OPTION>22<OPTION>23<
<OPTION>08<OPTION>09<OPTION>10<OPTION>11<OPTION>12<OPTION>13<OPTION>14<
<OPTION>03<
<OPTION>20<
Post: https://ready.arl.noaa.gov/hypub-bin/traj2.pl
TRY SAVE:https://ready.arl.noaa.gov/hypubout/tdump.117511.txt
-done-
Post: https://ready.arl.noaa.gov/hypub-bin/traj2.pl
TRY SAVE:https://ready.arl.noaa.gov/hypubout/tdump.117522.txt
-done-
Post: https://ready.arl.noaa.gov/hypub-bin/traj2.pl
TRY SAVE:https://ready.arl.noaa.gov/hypubout/tdump.117534.txt
-done-
Post: https://ready.arl.noaa.gov/hypub-bin/traj2.pl
TRY SAVE:https://ready.arl.noaa.gov/hypubout/tdump.117551.txt
-done-
Post: https://ready.arl.noaa.gov/hypub-bin/traj2.pl
TRY SAVE:https://ready.arl.noaa.gov/hypubout/tdump.117568.txt
-done-
Post: https://ready.arl.noaa.gov/hypub-bin/traj2.pl
TRY SAVE:https://ready.arl.noaa.gov/hypubout/tdump.117575.txt
-done-
Post: https://ready.arl.noaa.gov/hypub-bin/traj2.pl
TRY SAVE:https://ready.arl.noaa.gov/hypubout/tdump.117584.txt
-done-
Begin: 50/60:gdas1.mar20.w1
POST: https://ready.arl.noaa.gov/hypub-bin/trajtype.pl?runtype=archive
POST:https://ready.arl.noaa.gov/hypub-bin/trajasrc.pl 
POST: https://ready.arl.noaa.gov/hypub-bin/trajsrcm.pl
POST: https://ready.arl.noaa.gov/hypub-bin/traj1.pl
<OPTION>00<OPTION>1<OPTION>2<OPTION>3<OPTION>4<OPTION>5<OPTION>6<OPTION>7<OPTION>8<OPTION>9<OPTION>10<OPTION>11<OPTION>12<OPTION>13<OPTION>14<OPTION>15<OPTION>16<OPTION>17<OPTION>18<OPTION>19<OPTION>20<OPTION>21<OPTION>22<OPTION>23<
<OPTION>01<OPTION>02<OPTION>03<OPTION>04<OPTION>05<OPTION>06<OPTION>07<
<OPTION>03<
<OPTION>20<
Post: https://ready.arl.noaa.gov/hypub-bin/traj2.pl
TRY SAVE:https://ready.arl.noaa.gov/hypubout/tdump.117613.txt
-done-
Post: https://ready.arl.noaa.gov/hypub-bin/traj2.pl
TRY SAVE:https://ready.arl.noaa.gov/hypubout/tdump.117620.txt
-done-
Post: https://ready.arl.noaa.gov/hypub-bin/traj2.pl
TRY SAVE:https://ready.arl.noaa.gov/hypubout/tdump.117639.txt
-done-
Post: https://ready.arl.noaa.gov/hypub-bin/traj2.pl
TRY SAVE:https://ready.arl.noaa.gov/hypubout/tdump.117640.txt
-done-
Post: https://ready.arl.noaa.gov/hypub-bin/traj2.pl
TRY SAVE:https://ready.arl.noaa.gov/hypubout/tdump.117652.txt
-done-
Post: https://ready.arl.noaa.gov/hypub-bin/traj2.pl
TRY SAVE:https://ready.arl.noaa.gov/hypubout/tdump.117668.txt
-done-
Post: https://ready.arl.noaa.gov/hypub-bin/traj2.pl
TRY SAVE:https://ready.arl.noaa.gov/hypubout/tdump.117689.txt
-done-
Begin: 51/60:gdas1.feb20.w5
POST: https://ready.arl.noaa.gov/hypub-bin/trajtype.pl?runtype=archive
POST:https://ready.arl.noaa.gov/hypub-bin/trajasrc.pl 
POST: https://ready.arl.noaa.gov/hypub-bin/trajsrcm.pl
POST: https://ready.arl.noaa.gov/hypub-bin/traj1.pl
<OPTION>00<OPTION>1<OPTION>2<OPTION>3<OPTION>4<OPTION>5<OPTION>6<OPTION>7<OPTION>8<OPTION>9<OPTION>10<OPTION>11<OPTION>12<OPTION>13<OPTION>14<OPTION>15<OPTION>16<OPTION>17<OPTION>18<OPTION>19<OPTION>20<OPTION>21<OPTION>22<OPTION>23<
<OPTION>29<
<OPTION>02<
<OPTION>20<
Post: https://ready.arl.noaa.gov/hypub-bin/traj2.pl
TRY SAVE:https://ready.arl.noaa.gov/hypubout/tdump.117697.txt
-done-
Begin: 52/60:gdas1.feb20.w4
POST: https://ready.arl.noaa.gov/hypub-bin/trajtype.pl?runtype=archive
POST:https://ready.arl.noaa.gov/hypub-bin/trajasrc.pl 
POST: https://ready.arl.noaa.gov/hypub-bin/trajsrcm.pl
POST: https://ready.arl.noaa.gov/hypub-bin/traj1.pl
<OPTION>00<OPTION>1<OPTION>2<OPTION>3<OPTION>4<OPTION>5<OPTION>6<OPTION>7<OPTION>8<OPTION>9<OPTION>10<OPTION>11<OPTION>12<OPTION>13<OPTION>14<OPTION>15<OPTION>16<OPTION>17<OPTION>18<OPTION>19<OPTION>20<OPTION>21<OPTION>22<OPTION>23<
<OPTION>22<OPTION>23<OPTION>24<OPTION>25<OPTION>26<OPTION>27<OPTION>28<
<OPTION>02<
<OPTION>20<
Post: https://ready.arl.noaa.gov/hypub-bin/traj2.pl
TRY SAVE:https://ready.arl.noaa.gov/hypubout/tdump.117701.txt
-done-
Post: https://ready.arl.noaa.gov/hypub-bin/traj2.pl
TRY SAVE:https://ready.arl.noaa.gov/hypubout/tdump.117713.txt
-done-
Post: https://ready.arl.noaa.gov/hypub-bin/traj2.pl
TRY SAVE:https://ready.arl.noaa.gov/hypubout/tdump.117736.txt
-done-
Post: https://ready.arl.noaa.gov/hypub-bin/traj2.pl
TRY SAVE:https://ready.arl.noaa.gov/hypubout/tdump.117757.txt
-done-
Post: https://ready.arl.noaa.gov/hypub-bin/traj2.pl
TRY SAVE:https://ready.arl.noaa.gov/hypubout/tdump.117772.txt
-done-
Post: https://ready.arl.noaa.gov/hypub-bin/traj2.pl
TRY SAVE:https://ready.arl.noaa.gov/hypubout/tdump.117791.txt
-done-
Post: https://ready.arl.noaa.gov/hypub-bin/traj2.pl
TRY SAVE:https://ready.arl.noaa.gov/hypubout/tdump.117809.txt
-done-
Begin: 53/60:gdas1.feb20.w3
POST: https://ready.arl.noaa.gov/hypub-bin/trajtype.pl?runtype=archive
POST:https://ready.arl.noaa.gov/hypub-bin/trajasrc.pl 
POST: https://ready.arl.noaa.gov/hypub-bin/trajsrcm.pl
POST: https://ready.arl.noaa.gov/hypub-bin/traj1.pl
<OPTION>00<OPTION>1<OPTION>2<OPTION>3<OPTION>4<OPTION>5<OPTION>6<OPTION>7<OPTION>8<OPTION>9<OPTION>10<OPTION>11<OPTION>12<OPTION>13<OPTION>14<OPTION>15<OPTION>16<OPTION>17<OPTION>18<OPTION>19<OPTION>20<OPTION>21<OPTION>22<OPTION>23<
<OPTION>15<OPTION>16<OPTION>17<OPTION>18<OPTION>19<OPTION>20<OPTION>21<
<OPTION>02<
<OPTION>20<
Post: https://ready.arl.noaa.gov/hypub-bin/traj2.pl
TRY SAVE:https://ready.arl.noaa.gov/hypubout/tdump.117818.txt
-done-
Post: https://ready.arl.noaa.gov/hypub-bin/traj2.pl
TRY SAVE:https://ready.arl.noaa.gov/hypubout/tdump.117824.txt
-done-
Post: https://ready.arl.noaa.gov/hypub-bin/traj2.pl
TRY SAVE:https://ready.arl.noaa.gov/hypubout/tdump.117830.txt
-done-
Post: https://ready.arl.noaa.gov/hypub-bin/traj2.pl
TRY SAVE:https://ready.arl.noaa.gov/hypubout/tdump.117846.txt
-done-
Post: https://ready.arl.noaa.gov/hypub-bin/traj2.pl
TRY SAVE:https://ready.arl.noaa.gov/hypubout/tdump.117852.txt
-done-
Post: https://ready.arl.noaa.gov/hypub-bin/traj2.pl
TRY SAVE:https://ready.arl.noaa.gov/hypubout/tdump.117868.txt
-done-
Post: https://ready.arl.noaa.gov/hypub-bin/traj2.pl
TRY SAVE:https://ready.arl.noaa.gov/hypubout/tdump.117870.txt
-done-
Begin: 54/60:gdas1.feb20.w2
POST: https://ready.arl.noaa.gov/hypub-bin/trajtype.pl?runtype=archive
POST:https://ready.arl.noaa.gov/hypub-bin/trajasrc.pl 
POST: https://ready.arl.noaa.gov/hypub-bin/trajsrcm.pl
POST: https://ready.arl.noaa.gov/hypub-bin/traj1.pl
<OPTION>00<OPTION>1<OPTION>2<OPTION>3<OPTION>4<OPTION>5<OPTION>6<OPTION>7<OPTION>8<OPTION>9<OPTION>10<OPTION>11<OPTION>12<OPTION>13<OPTION>14<OPTION>15<OPTION>16<OPTION>17<OPTION>18<OPTION>19<OPTION>20<OPTION>21<OPTION>22<OPTION>23<
<OPTION>08<OPTION>09<OPTION>10<OPTION>11<OPTION>12<OPTION>13<OPTION>14<
<OPTION>02<
<OPTION>20<
Post: https://ready.arl.noaa.gov/hypub-bin/traj2.pl
TRY SAVE:https://ready.arl.noaa.gov/hypubout/tdump.117881.txt
-done-
Post: https://ready.arl.noaa.gov/hypub-bin/traj2.pl
TRY SAVE:https://ready.arl.noaa.gov/hypubout/tdump.117919.txt
-done-
Post: https://ready.arl.noaa.gov/hypub-bin/traj2.pl
TRY SAVE:https://ready.arl.noaa.gov/hypubout/tdump.117923.txt
-done-
Post: https://ready.arl.noaa.gov/hypub-bin/traj2.pl
TRY SAVE:https://ready.arl.noaa.gov/hypubout/tdump.117931.txt
-done-
Post: https://ready.arl.noaa.gov/hypub-bin/traj2.pl
TRY SAVE:https://ready.arl.noaa.gov/hypubout/tdump.117941.txt
-done-
Post: https://ready.arl.noaa.gov/hypub-bin/traj2.pl
TRY SAVE:https://ready.arl.noaa.gov/hypubout/tdump.117950.txt
-done-
Post: https://ready.arl.noaa.gov/hypub-bin/traj2.pl
TRY SAVE:https://ready.arl.noaa.gov/hypubout/tdump.117967.txt
-done-
Begin: 55/60:gdas1.feb20.w1
POST: https://ready.arl.noaa.gov/hypub-bin/trajtype.pl?runtype=archive
POST:https://ready.arl.noaa.gov/hypub-bin/trajasrc.pl 
POST: https://ready.arl.noaa.gov/hypub-bin/trajsrcm.pl
POST: https://ready.arl.noaa.gov/hypub-bin/traj1.pl
<OPTION>00<OPTION>1<OPTION>2<OPTION>3<OPTION>4<OPTION>5<OPTION>6<OPTION>7<OPTION>8<OPTION>9<OPTION>10<OPTION>11<OPTION>12<OPTION>13<OPTION>14<OPTION>15<OPTION>16<OPTION>17<OPTION>18<OPTION>19<OPTION>20<OPTION>21<OPTION>22<OPTION>23<
<OPTION>01<OPTION>02<OPTION>03<OPTION>04<OPTION>05<OPTION>06<OPTION>07<
<OPTION>02<
<OPTION>20<
Post: https://ready.arl.noaa.gov/hypub-bin/traj2.pl
TRY SAVE:https://ready.arl.noaa.gov/hypubout/tdump.117975.txt
-done-
Post: https://ready.arl.noaa.gov/hypub-bin/traj2.pl
TRY SAVE:https://ready.arl.noaa.gov/hypubout/tdump.117998.txt
-done-
Post: https://ready.arl.noaa.gov/hypub-bin/traj2.pl
TRY SAVE:https://ready.arl.noaa.gov/hypubout/tdump.118009.txt
-done-
Post: https://ready.arl.noaa.gov/hypub-bin/traj2.pl
TRY SAVE:https://ready.arl.noaa.gov/hypubout/tdump.118012.txt
-done-
Post: https://ready.arl.noaa.gov/hypub-bin/traj2.pl
TRY SAVE:https://ready.arl.noaa.gov/hypubout/tdump.118020.txt
-done-
Post: https://ready.arl.noaa.gov/hypub-bin/traj2.pl
TRY SAVE:https://ready.arl.noaa.gov/hypubout/tdump.118034.txt
-done-
Post: https://ready.arl.noaa.gov/hypub-bin/traj2.pl
TRY SAVE:https://ready.arl.noaa.gov/hypubout/tdump.118048.txt
-done-
Begin: 56/60:gdas1.jan20.w5
POST: https://ready.arl.noaa.gov/hypub-bin/trajtype.pl?runtype=archive
POST:https://ready.arl.noaa.gov/hypub-bin/trajasrc.pl 
POST: https://ready.arl.noaa.gov/hypub-bin/trajsrcm.pl
POST: https://ready.arl.noaa.gov/hypub-bin/traj1.pl
<OPTION>00<OPTION>1<OPTION>2<OPTION>3<OPTION>4<OPTION>5<OPTION>6<OPTION>7<OPTION>8<OPTION>9<OPTION>10<OPTION>11<OPTION>12<OPTION>13<OPTION>14<OPTION>15<OPTION>16<OPTION>17<OPTION>18<OPTION>19<OPTION>20<OPTION>21<OPTION>22<OPTION>23<
<OPTION>29<OPTION>30<OPTION>31<
<OPTION>01<
<OPTION>20<
Post: https://ready.arl.noaa.gov/hypub-bin/traj2.pl
TRY SAVE:https://ready.arl.noaa.gov/hypubout/tdump.118055.txt
-done-
Post: https://ready.arl.noaa.gov/hypub-bin/traj2.pl
TRY SAVE:https://ready.arl.noaa.gov/hypubout/tdump.118069.txt
-done-
Post: https://ready.arl.noaa.gov/hypub-bin/traj2.pl
TRY SAVE:https://ready.arl.noaa.gov/hypubout/tdump.118086.txt
-done-
Begin: 57/60:gdas1.jan20.w4
POST: https://ready.arl.noaa.gov/hypub-bin/trajtype.pl?runtype=archive
POST:https://ready.arl.noaa.gov/hypub-bin/trajasrc.pl 
POST: https://ready.arl.noaa.gov/hypub-bin/trajsrcm.pl
POST: https://ready.arl.noaa.gov/hypub-bin/traj1.pl
<OPTION>00<OPTION>1<OPTION>2<OPTION>3<OPTION>4<OPTION>5<OPTION>6<OPTION>7<OPTION>8<OPTION>9<OPTION>10<OPTION>11<OPTION>12<OPTION>13<OPTION>14<OPTION>15<OPTION>16<OPTION>17<OPTION>18<OPTION>19<OPTION>20<OPTION>21<OPTION>22<OPTION>23<
<OPTION>22<OPTION>23<OPTION>24<OPTION>25<OPTION>26<OPTION>27<OPTION>28<
<OPTION>01<
<OPTION>20<
Post: https://ready.arl.noaa.gov/hypub-bin/traj2.pl
TRY SAVE:https://ready.arl.noaa.gov/hypubout/tdump.118097.txt
-done-
Post: https://ready.arl.noaa.gov/hypub-bin/traj2.pl
TRY SAVE:https://ready.arl.noaa.gov/hypubout/tdump.118120.txt
-done-
Post: https://ready.arl.noaa.gov/hypub-bin/traj2.pl
TRY SAVE:https://ready.arl.noaa.gov/hypubout/tdump.118134.txt
-done-
Post: https://ready.arl.noaa.gov/hypub-bin/traj2.pl
TRY SAVE:https://ready.arl.noaa.gov/hypubout/tdump.118158.txt
-done-
Post: https://ready.arl.noaa.gov/hypub-bin/traj2.pl
TRY SAVE:https://ready.arl.noaa.gov/hypubout/tdump.118167.txt
-done-
Post: https://ready.arl.noaa.gov/hypub-bin/traj2.pl
TRY SAVE:https://ready.arl.noaa.gov/hypubout/tdump.118173.txt
-done-
Post: https://ready.arl.noaa.gov/hypub-bin/traj2.pl
TRY SAVE:https://ready.arl.noaa.gov/hypubout/tdump.118182.txt
-done-
Begin: 58/60:gdas1.jan20.w3
POST: https://ready.arl.noaa.gov/hypub-bin/trajtype.pl?runtype=archive
POST:https://ready.arl.noaa.gov/hypub-bin/trajasrc.pl 
POST: https://ready.arl.noaa.gov/hypub-bin/trajsrcm.pl
POST: https://ready.arl.noaa.gov/hypub-bin/traj1.pl
<OPTION>00<OPTION>1<OPTION>2<OPTION>3<OPTION>4<OPTION>5<OPTION>6<OPTION>7<OPTION>8<OPTION>9<OPTION>10<OPTION>11<OPTION>12<OPTION>13<OPTION>14<OPTION>15<OPTION>16<OPTION>17<OPTION>18<OPTION>19<OPTION>20<OPTION>21<OPTION>22<OPTION>23<
<OPTION>15<OPTION>16<OPTION>17<OPTION>18<OPTION>19<OPTION>20<OPTION>21<
<OPTION>01<
<OPTION>20<
Post: https://ready.arl.noaa.gov/hypub-bin/traj2.pl
TRY SAVE:https://ready.arl.noaa.gov/hypubout/tdump.118197.txt
-done-
Post: https://ready.arl.noaa.gov/hypub-bin/traj2.pl
TRY SAVE:https://ready.arl.noaa.gov/hypubout/tdump.118200.txt
-done-
Post: https://ready.arl.noaa.gov/hypub-bin/traj2.pl
TRY SAVE:https://ready.arl.noaa.gov/hypubout/tdump.118218.txt
-done-
Post: https://ready.arl.noaa.gov/hypub-bin/traj2.pl
TRY SAVE:https://ready.arl.noaa.gov/hypubout/tdump.118223.txt
-done-
Post: https://ready.arl.noaa.gov/hypub-bin/traj2.pl
TRY SAVE:https://ready.arl.noaa.gov/hypubout/tdump.118230.txt
-done-
Post: https://ready.arl.noaa.gov/hypub-bin/traj2.pl
TRY SAVE:https://ready.arl.noaa.gov/hypubout/tdump.118248.txt
-done-
Post: https://ready.arl.noaa.gov/hypub-bin/traj2.pl
TRY SAVE:https://ready.arl.noaa.gov/hypubout/tdump.118259.txt
-done-
Begin: 59/60:gdas1.jan20.w2
POST: https://ready.arl.noaa.gov/hypub-bin/trajtype.pl?runtype=archive
POST:https://ready.arl.noaa.gov/hypub-bin/trajasrc.pl 
POST: https://ready.arl.noaa.gov/hypub-bin/trajsrcm.pl
POST: https://ready.arl.noaa.gov/hypub-bin/traj1.pl
<OPTION>00<OPTION>1<OPTION>2<OPTION>3<OPTION>4<OPTION>5<OPTION>6<OPTION>7<OPTION>8<OPTION>9<OPTION>10<OPTION>11<OPTION>12<OPTION>13<OPTION>14<OPTION>15<OPTION>16<OPTION>17<OPTION>18<OPTION>19<OPTION>20<OPTION>21<OPTION>22<OPTION>23<
<OPTION>08<OPTION>09<OPTION>10<OPTION>11<OPTION>12<OPTION>13<OPTION>14<
<OPTION>01<
<OPTION>20<
Post: https://ready.arl.noaa.gov/hypub-bin/traj2.pl
TRY SAVE:https://ready.arl.noaa.gov/hypubout/tdump.118269.txt
-done-
Post: https://ready.arl.noaa.gov/hypub-bin/traj2.pl
TRY SAVE:https://ready.arl.noaa.gov/hypubout/tdump.118276.txt
-done-
Post: https://ready.arl.noaa.gov/hypub-bin/traj2.pl
TRY SAVE:https://ready.arl.noaa.gov/hypubout/tdump.118284.txt
-done-
Post: https://ready.arl.noaa.gov/hypub-bin/traj2.pl
TRY SAVE:https://ready.arl.noaa.gov/hypubout/tdump.118311.txt
-done-
Post: https://ready.arl.noaa.gov/hypub-bin/traj2.pl
TRY SAVE:https://ready.arl.noaa.gov/hypubout/tdump.118324.txt
-done-
Post: https://ready.arl.noaa.gov/hypub-bin/traj2.pl
TRY SAVE:https://ready.arl.noaa.gov/hypubout/tdump.118338.txt
-done-
Post: https://ready.arl.noaa.gov/hypub-bin/traj2.pl
TRY SAVE:https://ready.arl.noaa.gov/hypubout/tdump.118353.txt
-done-
Begin: 60/60:gdas1.jan20.w1
POST: https://ready.arl.noaa.gov/hypub-bin/trajtype.pl?runtype=archive
POST:https://ready.arl.noaa.gov/hypub-bin/trajasrc.pl 
POST: https://ready.arl.noaa.gov/hypub-bin/trajsrcm.pl
POST: https://ready.arl.noaa.gov/hypub-bin/traj1.pl
<OPTION>00<OPTION>1<OPTION>2<OPTION>3<OPTION>4<OPTION>5<OPTION>6<OPTION>7<OPTION>8<OPTION>9<OPTION>10<OPTION>11<OPTION>12<OPTION>13<OPTION>14<OPTION>15<OPTION>16<OPTION>17<OPTION>18<OPTION>19<OPTION>20<OPTION>21<OPTION>22<OPTION>23<
<OPTION>01<OPTION>02<OPTION>03<OPTION>04<OPTION>05<OPTION>06<OPTION>07<
<OPTION>01<
<OPTION>20<
Post: https://ready.arl.noaa.gov/hypub-bin/traj2.pl
TRY SAVE:https://ready.arl.noaa.gov/hypubout/tdump.118369.txt
-done-
Post: https://ready.arl.noaa.gov/hypub-bin/traj2.pl
TRY SAVE:https://ready.arl.noaa.gov/hypubout/tdump.118376.txt
-done-
Post: https://ready.arl.noaa.gov/hypub-bin/traj2.pl
TRY SAVE:https://ready.arl.noaa.gov/hypubout/tdump.118394.txt
-done-
Post: https://ready.arl.noaa.gov/hypub-bin/traj2.pl
TRY SAVE:https://ready.arl.noaa.gov/hypubout/tdump.118411.txt
-done-
Post: https://ready.arl.noaa.gov/hypub-bin/traj2.pl
TRY SAVE:https://ready.arl.noaa.gov/hypubout/tdump.118429.txt
-done-
Post: https://ready.arl.noaa.gov/hypub-bin/traj2.pl
TRY SAVE:https://ready.arl.noaa.gov/hypubout/tdump.118437.txt
-done-
Post: https://ready.arl.noaa.gov/hypub-bin/traj2.pl
TRY SAVE:https://ready.arl.noaa.gov/hypubout/tdump.118449.txt
-done-
